<?xml version="1.0" encoding="UTF-8"?>
<testsuites name="BEP" time="288" tests="0" failures="11" errors="0">
   <testsuite name="BEP" tests="0" failures="11" errors="0" time="288" timestamp="2017-11-06 13:15:07" hostname="ranjs1 - L23967WIN.rpega.com" id="Test Suites/BID/BEP">
      <properties>
         <property name="deviceName" value=""/>
         <property name="devicePlatform" value=""/>
         <property name="logFolder" value="C:\\Users\\ranjs1\\Katalon Studio\\COE\\Reports\\BID\\BEP\\20171106_131505"/>
         <property name="logFiles" value="C:\\Users\\ranjs1\\Katalon Studio\\COE\\Reports\\BID\\BEP\\20171106_131505\\execution0.log"/>
         <property name="attachments" value="C:\\Users\\ranjs1\\Katalon Studio\\COE\\Reports\\BID\\BEP\\20171106_131505\\1509954345015.png, C:\\Users\\ranjs1\\Katalon Studio\\COE\\Reports\\BID\\BEP\\20171106_131505\\1509954376787.png, C:\\Users\\ranjs1\\Katalon Studio\\COE\\Reports\\BID\\BEP\\20171106_131505\\1509954407974.png, C:\\Users\\ranjs1\\Katalon Studio\\COE\\Reports\\BID\\BEP\\20171106_131505\\1509954437936.png, C:\\Users\\ranjs1\\Katalon Studio\\COE\\Reports\\BID\\BEP\\20171106_131505\\1509954466865.png, C:\\Users\\ranjs1\\Katalon Studio\\COE\\Reports\\BID\\BEP\\20171106_131505\\1509954498203.png, C:\\Users\\ranjs1\\Katalon Studio\\COE\\Reports\\BID\\BEP\\20171106_131505\\1509954548928.png, C:\\Users\\ranjs1\\Katalon Studio\\COE\\Reports\\BID\\BEP\\20171106_131505\\1509954581233.png"/>
         <property name="hostName" value="ranjs1 - L23967WIN.rpega.com"/>
         <property name="os" value="Windows 10 64bit"/>
         <property name="katalonVersion" value="4.8.0.2"/>
         <property name="browser" value="Chrome 62.0.3202.75"/>
         <property name="hostAddress" value="10.150.105.6"/>
         <property name="sessionId" value="4069a67cf6a78cc391a4ed617793606a"/>
         <property name="seleniumVersion" value="2.53.0"/>
         <property name="proxyInformation" value="ProxyInformation{proxyOption=NO_PROXY, proxyServerType=HTTP, password=, proxyServerAddress=, proxyServerPort=0}"/>
         <property name="platform" value="Windows 10"/>
      </properties>
      <testcase name="Test Cases/BEP/TC_All_Recall" classname="Test Cases/BEP/TC_All_Recall" status="FAILED">
         <failure type="FAILED" message="Unable to upload file 'C:\EStimate.xlsm' to object 'Object Repository/input_PpyWorkPageppyFilePath' (Root cause: org.openqa.selenium.WebDriverException: invalid argument: File not found : C:\EStimate.xlsm
  (Session info: chrome=62.0.3202.75)
  (Driver info: chromedriver=2.33.506120 (e3e53437346286c0bc2d2dc9aa4915ba81d9023f),platform=Windows NT 10.0.15063 x86_64) (WARNING: The server did not provide any stacktrace information)
Command duration or timeout: 25 milliseconds
Build info: version: '2.53.0', revision: '35ae25b', time: '2016-03-15 17:00:58'
System info: host: 'L23967WIN', ip: '10.150.105.6', os.name: 'Windows 10', os.arch: 'amd64', os.version: '10.0', java.version: '1.8.0_102'
Driver info: com.kms.katalon.selenium.driver.CChromeDriver
Capabilities [{applicationCacheEnabled=false, rotatable=false, mobileEmulationEnabled=false, networkConnectionEnabled=false, chrome={chromedriverVersion=2.33.506120 (e3e53437346286c0bc2d2dc9aa4915ba81d9023f), userDataDir=C:\Users\ranjs1\AppData\Local\Temp\scoped_dir18324_18396}, takesHeapSnapshot=true, pageLoadStrategy=normal, databaseEnabled=false, handlesAlerts=true, hasTouchScreen=false, version=62.0.3202.75, platform=XP, browserConnectionEnabled=false, nativeEvents=true, acceptSslCerts=true, locationContextEnabled=true, webStorageEnabled=true, browserName=chrome, takesScreenshot=true, javascriptEnabled=true, cssSelectorsEnabled=true, setWindowRect=true, unexpectedAlertBehaviour=}]
Session ID: 0d4f85be72567332748b028d94eb838d)"/>
         <system-out><![CDATA[2017-11-06 13:15:08 - [TEST_CASE][FAILED] - Test Cases/BEP/TC_All_Recall: Test Cases/BEP/TC_All_Recall FAILED because (of) Unable to upload file 'C:\EStimate.xlsm' to object 'Object Repository/input_PpyWorkPageppyFilePath' (Root cause: org.openqa.selenium.WebDriverException: invalid argument: File not found : C:\EStimate.xlsm
  (Session info: chrome=62.0.3202.75)
  (Driver info: chromedriver=2.33.506120 (e3e53437346286c0bc2d2dc9aa4915ba81d9023f),platform=Windows NT 10.0.15063 x86_64) (WARNING: The server did not provide any stacktrace information)
Command duration or timeout: 25 milliseconds
Build info: version: '2.53.0', revision: '35ae25b', time: '2016-03-15 17:00:58'
System info: host: 'L23967WIN', ip: '10.150.105.6', os.name: 'Windows 10', os.arch: 'amd64', os.version: '10.0', java.version: '1.8.0_102'
Driver info: com.kms.katalon.selenium.driver.CChromeDriver
Capabilities [{applicationCacheEnabled=false, rotatable=false, mobileEmulationEnabled=false, networkConnectionEnabled=false, chrome={chromedriverVersion=2.33.506120 (e3e53437346286c0bc2d2dc9aa4915ba81d9023f), userDataDir=C:\Users\ranjs1\AppData\Local\Temp\scoped_dir18324_18396}, takesHeapSnapshot=true, pageLoadStrategy=normal, databaseEnabled=false, handlesAlerts=true, hasTouchScreen=false, version=62.0.3202.75, platform=XP, browserConnectionEnabled=false, nativeEvents=true, acceptSslCerts=true, locationContextEnabled=true, webStorageEnabled=true, browserName=chrome, takesScreenshot=true, javascriptEnabled=true, cssSelectorsEnabled=true, setWindowRect=true, unexpectedAlertBehaviour=}]
Session ID: 0d4f85be72567332748b028d94eb838d)

2017-11-06 13:15:09 - [TEST_STEP][FAILED] - callTestCase: Unable to call Test Case with id 'Test Cases/BEP/TC_Create_BEP_NoOutput' (Root cause: Call Test Case 'Test Cases/BEP/TC_Create_BEP_NoOutput' failed)

2017-11-06 13:15:09 - [TEST_CASE][FAILED] - Test Cases/BEP/TC_Create_BEP_NoOutput: Test Cases/BEP/TC_Create_BEP_NoOutput FAILED because (of) Unable to upload file 'C:\EStimate.xlsm' to object 'Object Repository/input_PpyWorkPageppyFilePath' (Root cause: org.openqa.selenium.WebDriverException: invalid argument: File not found : C:\EStimate.xlsm
  (Session info: chrome=62.0.3202.75)
  (Driver info: chromedriver=2.33.506120 (e3e53437346286c0bc2d2dc9aa4915ba81d9023f),platform=Windows NT 10.0.15063 x86_64) (WARNING: The server did not provide any stacktrace information)
Command duration or timeout: 25 milliseconds
Build info: version: '2.53.0', revision: '35ae25b', time: '2016-03-15 17:00:58'
System info: host: 'L23967WIN', ip: '10.150.105.6', os.name: 'Windows 10', os.arch: 'amd64', os.version: '10.0', java.version: '1.8.0_102'
Driver info: com.kms.katalon.selenium.driver.CChromeDriver
Capabilities [{applicationCacheEnabled=false, rotatable=false, mobileEmulationEnabled=false, networkConnectionEnabled=false, chrome={chromedriverVersion=2.33.506120 (e3e53437346286c0bc2d2dc9aa4915ba81d9023f), userDataDir=C:\Users\ranjs1\AppData\Local\Temp\scoped_dir18324_18396}, takesHeapSnapshot=true, pageLoadStrategy=normal, databaseEnabled=false, handlesAlerts=true, hasTouchScreen=false, version=62.0.3202.75, platform=XP, browserConnectionEnabled=false, nativeEvents=true, acceptSslCerts=true, locationContextEnabled=true, webStorageEnabled=true, browserName=chrome, takesScreenshot=true, javascriptEnabled=true, cssSelectorsEnabled=true, setWindowRect=true, unexpectedAlertBehaviour=}]
Session ID: 0d4f85be72567332748b028d94eb838d)

2017-11-06 13:15:09 - [TEST_STEP][PASSED] - com.helper.commonfunct.utilities.login: com.helper.commonfunct.utilities.login is PASSED

2017-11-06 13:15:14 - [MESSAGE][PASSED] - Browser is opened with url: ''

2017-11-06 13:15:16 - [MESSAGE][PASSED] - Navigate to 'http://vtcpqa2:9685/tcpqa/PRServlet' successfully

2017-11-06 13:15:17 - [MESSAGE][PASSED] - Text 'hendj@pegasystems.com' is set on object 'Object Repository/input_UserIdentifier'

2017-11-06 13:15:17 - [MESSAGE][PASSED] - Text 'install' is set on object 'Object Repository/input_Password'

2017-11-06 13:15:26 - [MESSAGE][PASSED] - Keys '' sent to object: 'Object Repository/input_Password'

2017-11-06 13:15:26 - [MESSAGE][PASSED] - com.helper.commonfunct.utilities.login is PASSED

2017-11-06 13:15:26 - [TEST_STEP][FAILED] - com.helper.commonfunct.BEP_CommonMethod.EstimateNoOutput: Unable to upload file 'C:\EStimate.xlsm' to object 'Object Repository/input_PpyWorkPageppyFilePath' (Root cause: org.openqa.selenium.WebDriverException: invalid argument: File not found : C:\EStimate.xlsm
  (Session info: chrome=62.0.3202.75)
  (Driver info: chromedriver=2.33.506120 (e3e53437346286c0bc2d2dc9aa4915ba81d9023f),platform=Windows NT 10.0.15063 x86_64) (WARNING: The server did not provide any stacktrace information)
Command duration or timeout: 25 milliseconds
Build info: version: '2.53.0', revision: '35ae25b', time: '2016-03-15 17:00:58'
System info: host: 'L23967WIN', ip: '10.150.105.6', os.name: 'Windows 10', os.arch: 'amd64', os.version: '10.0', java.version: '1.8.0_102'
Driver info: com.kms.katalon.selenium.driver.CChromeDriver
Capabilities [{applicationCacheEnabled=false, rotatable=false, mobileEmulationEnabled=false, networkConnectionEnabled=false, chrome={chromedriverVersion=2.33.506120 (e3e53437346286c0bc2d2dc9aa4915ba81d9023f), userDataDir=C:\Users\ranjs1\AppData\Local\Temp\scoped_dir18324_18396}, takesHeapSnapshot=true, pageLoadStrategy=normal, databaseEnabled=false, handlesAlerts=true, hasTouchScreen=false, version=62.0.3202.75, platform=XP, browserConnectionEnabled=false, nativeEvents=true, acceptSslCerts=true, locationContextEnabled=true, webStorageEnabled=true, browserName=chrome, takesScreenshot=true, javascriptEnabled=true, cssSelectorsEnabled=true, setWindowRect=true, unexpectedAlertBehaviour=}]
Session ID: 0d4f85be72567332748b028d94eb838d)

2017-11-06 13:15:26 - [MESSAGE][PASSED] - Object: 'Object Repository/Generic/a_Actions' is clicked on

2017-11-06 13:15:28 - [MESSAGE][PASSED] - Object: 'Object Repository/span_New' is focused

2017-11-06 13:15:34 - [MESSAGE][PASSED] - Object: 'Object Repository/BEP/EstimateLink' is clicked on

2017-11-06 13:15:39 - [MESSAGE][PASSED] - Delayed 5 second(s)

2017-11-06 13:15:39 - [MESSAGE][WARNING] - Timeout '0' is invalid. Using default page load timeout: '30'

2017-11-06 13:15:39 - [MESSAGE][PASSED] - Object 'Object Repository/BEP/import' is visible

2017-11-06 13:15:39 - [MESSAGE][PASSED] - Object: 'Object Repository/BEP/import' is clicked on

2017-11-06 13:15:44 - [MESSAGE][PASSED] - Delayed 5 second(s)

2017-11-06 13:15:45 - [MESSAGE][FAILED] - Unable to upload file 'C:\EStimate.xlsm' to object 'Object Repository/input_PpyWorkPageppyFilePath' (Root cause: org.openqa.selenium.WebDriverException: invalid argument: File not found : C:\EStimate.xlsm
  (Session info: chrome=62.0.3202.75)
  (Driver info: chromedriver=2.33.506120 (e3e53437346286c0bc2d2dc9aa4915ba81d9023f),platform=Windows NT 10.0.15063 x86_64) (WARNING: The server did not provide any stacktrace information)
Command duration or timeout: 25 milliseconds
Build info: version: '2.53.0', revision: '35ae25b', time: '2016-03-15 17:00:58'
System info: host: 'L23967WIN', ip: '10.150.105.6', os.name: 'Windows 10', os.arch: 'amd64', os.version: '10.0', java.version: '1.8.0_102'
Driver info: com.kms.katalon.selenium.driver.CChromeDriver
Capabilities [{applicationCacheEnabled=false, rotatable=false, mobileEmulationEnabled=false, networkConnectionEnabled=false, chrome={chromedriverVersion=2.33.506120 (e3e53437346286c0bc2d2dc9aa4915ba81d9023f), userDataDir=C:\Users\ranjs1\AppData\Local\Temp\scoped_dir18324_18396}, takesHeapSnapshot=true, pageLoadStrategy=normal, databaseEnabled=false, handlesAlerts=true, hasTouchScreen=false, version=62.0.3202.75, platform=XP, browserConnectionEnabled=false, nativeEvents=true, acceptSslCerts=true, locationContextEnabled=true, webStorageEnabled=true, browserName=chrome, takesScreenshot=true, javascriptEnabled=true, cssSelectorsEnabled=true, setWindowRect=true, unexpectedAlertBehaviour=}]
Session ID: 0d4f85be72567332748b028d94eb838d)
[[ATTACHMENT|C:\\Users\\ranjs1\\Katalon Studio\\COE\\Reports\\BID\\BEP\\20171106_131505\\1509954345015.png]]

2017-11-06 13:15:45 - [MESSAGE][FAILED] - Unable to upload file 'C:\EStimate.xlsm' to object 'Object Repository/input_PpyWorkPageppyFilePath' (Root cause: org.openqa.selenium.WebDriverException: invalid argument: File not found : C:\EStimate.xlsm
  (Session info: chrome=62.0.3202.75)
  (Driver info: chromedriver=2.33.506120 (e3e53437346286c0bc2d2dc9aa4915ba81d9023f),platform=Windows NT 10.0.15063 x86_64) (WARNING: The server did not provide any stacktrace information)
Command duration or timeout: 25 milliseconds
Build info: version: '2.53.0', revision: '35ae25b', time: '2016-03-15 17:00:58'
System info: host: 'L23967WIN', ip: '10.150.105.6', os.name: 'Windows 10', os.arch: 'amd64', os.version: '10.0', java.version: '1.8.0_102'
Driver info: com.kms.katalon.selenium.driver.CChromeDriver
Capabilities [{applicationCacheEnabled=false, rotatable=false, mobileEmulationEnabled=false, networkConnectionEnabled=false, chrome={chromedriverVersion=2.33.506120 (e3e53437346286c0bc2d2dc9aa4915ba81d9023f), userDataDir=C:\Users\ranjs1\AppData\Local\Temp\scoped_dir18324_18396}, takesHeapSnapshot=true, pageLoadStrategy=normal, databaseEnabled=false, handlesAlerts=true, hasTouchScreen=false, version=62.0.3202.75, platform=XP, browserConnectionEnabled=false, nativeEvents=true, acceptSslCerts=true, locationContextEnabled=true, webStorageEnabled=true, browserName=chrome, takesScreenshot=true, javascriptEnabled=true, cssSelectorsEnabled=true, setWindowRect=true, unexpectedAlertBehaviour=}]
Session ID: 0d4f85be72567332748b028d94eb838d)

2017-11-06 13:15:45 - [MESSAGE][FAILED] - Unable to call Test Case with id 'Test Cases/BEP/TC_Create_BEP_NoOutput' (Root cause: Call Test Case 'Test Cases/BEP/TC_Create_BEP_NoOutput' failed)]]></system-out>
         <system-err><![CDATA[2017-11-06 13:15:08 - [TEST_CASE][FAILED] - Test Cases/BEP/TC_All_Recall: Test Cases/BEP/TC_All_Recall FAILED because (of) Unable to upload file 'C:\EStimate.xlsm' to object 'Object Repository/input_PpyWorkPageppyFilePath' (Root cause: org.openqa.selenium.WebDriverException: invalid argument: File not found : C:\EStimate.xlsm
  (Session info: chrome=62.0.3202.75)
  (Driver info: chromedriver=2.33.506120 (e3e53437346286c0bc2d2dc9aa4915ba81d9023f),platform=Windows NT 10.0.15063 x86_64) (WARNING: The server did not provide any stacktrace information)
Command duration or timeout: 25 milliseconds
Build info: version: '2.53.0', revision: '35ae25b', time: '2016-03-15 17:00:58'
System info: host: 'L23967WIN', ip: '10.150.105.6', os.name: 'Windows 10', os.arch: 'amd64', os.version: '10.0', java.version: '1.8.0_102'
Driver info: com.kms.katalon.selenium.driver.CChromeDriver
Capabilities [{applicationCacheEnabled=false, rotatable=false, mobileEmulationEnabled=false, networkConnectionEnabled=false, chrome={chromedriverVersion=2.33.506120 (e3e53437346286c0bc2d2dc9aa4915ba81d9023f), userDataDir=C:\Users\ranjs1\AppData\Local\Temp\scoped_dir18324_18396}, takesHeapSnapshot=true, pageLoadStrategy=normal, databaseEnabled=false, handlesAlerts=true, hasTouchScreen=false, version=62.0.3202.75, platform=XP, browserConnectionEnabled=false, nativeEvents=true, acceptSslCerts=true, locationContextEnabled=true, webStorageEnabled=true, browserName=chrome, takesScreenshot=true, javascriptEnabled=true, cssSelectorsEnabled=true, setWindowRect=true, unexpectedAlertBehaviour=}]
Session ID: 0d4f85be72567332748b028d94eb838d)]]></system-err>
      </testcase>
      <testcase name="Test Cases/BEP/TC_CreateBEP_EmailOutput_SendEmail_CreateECR" classname="Test Cases/BEP/TC_CreateBEP_EmailOutput_SendEmail_CreateECR" status="FAILED">
         <failure type="FAILED" message="Unable to upload file 'C:\EStimate.xlsm' to object 'Object Repository/input_PpyWorkPageppyFilePath' (Root cause: org.openqa.selenium.WebDriverException: invalid argument: File not found : C:\EStimate.xlsm
  (Session info: chrome=62.0.3202.75)
  (Driver info: chromedriver=2.33.506120 (e3e53437346286c0bc2d2dc9aa4915ba81d9023f),platform=Windows NT 10.0.15063 x86_64) (WARNING: The server did not provide any stacktrace information)
Command duration or timeout: 31 milliseconds
Build info: version: '2.53.0', revision: '35ae25b', time: '2016-03-15 17:00:58'
System info: host: 'L23967WIN', ip: '10.150.105.6', os.name: 'Windows 10', os.arch: 'amd64', os.version: '10.0', java.version: '1.8.0_102'
Driver info: com.kms.katalon.selenium.driver.CChromeDriver
Capabilities [{applicationCacheEnabled=false, rotatable=false, mobileEmulationEnabled=false, networkConnectionEnabled=false, chrome={chromedriverVersion=2.33.506120 (e3e53437346286c0bc2d2dc9aa4915ba81d9023f), userDataDir=C:\Users\ranjs1\AppData\Local\Temp\scoped_dir17340_17271}, takesHeapSnapshot=true, pageLoadStrategy=normal, databaseEnabled=false, handlesAlerts=true, hasTouchScreen=false, version=62.0.3202.75, platform=XP, browserConnectionEnabled=false, nativeEvents=true, acceptSslCerts=true, locationContextEnabled=true, webStorageEnabled=true, browserName=chrome, takesScreenshot=true, javascriptEnabled=true, cssSelectorsEnabled=true, setWindowRect=true, unexpectedAlertBehaviour=}]
Session ID: 6dec0e4c07b78c03c4a70d6e25428e8f)"/>
         <system-out><![CDATA[2017-11-06 13:15:45 - [TEST_CASE][FAILED] - Test Cases/BEP/TC_CreateBEP_EmailOutput_SendEmail_CreateECR: Test Cases/BEP/TC_CreateBEP_EmailOutput_SendEmail_CreateECR FAILED because (of) Unable to upload file 'C:\EStimate.xlsm' to object 'Object Repository/input_PpyWorkPageppyFilePath' (Root cause: org.openqa.selenium.WebDriverException: invalid argument: File not found : C:\EStimate.xlsm
  (Session info: chrome=62.0.3202.75)
  (Driver info: chromedriver=2.33.506120 (e3e53437346286c0bc2d2dc9aa4915ba81d9023f),platform=Windows NT 10.0.15063 x86_64) (WARNING: The server did not provide any stacktrace information)
Command duration or timeout: 31 milliseconds
Build info: version: '2.53.0', revision: '35ae25b', time: '2016-03-15 17:00:58'
System info: host: 'L23967WIN', ip: '10.150.105.6', os.name: 'Windows 10', os.arch: 'amd64', os.version: '10.0', java.version: '1.8.0_102'
Driver info: com.kms.katalon.selenium.driver.CChromeDriver
Capabilities [{applicationCacheEnabled=false, rotatable=false, mobileEmulationEnabled=false, networkConnectionEnabled=false, chrome={chromedriverVersion=2.33.506120 (e3e53437346286c0bc2d2dc9aa4915ba81d9023f), userDataDir=C:\Users\ranjs1\AppData\Local\Temp\scoped_dir17340_17271}, takesHeapSnapshot=true, pageLoadStrategy=normal, databaseEnabled=false, handlesAlerts=true, hasTouchScreen=false, version=62.0.3202.75, platform=XP, browserConnectionEnabled=false, nativeEvents=true, acceptSslCerts=true, locationContextEnabled=true, webStorageEnabled=true, browserName=chrome, takesScreenshot=true, javascriptEnabled=true, cssSelectorsEnabled=true, setWindowRect=true, unexpectedAlertBehaviour=}]
Session ID: 6dec0e4c07b78c03c4a70d6e25428e8f)

2017-11-06 13:15:45 - [TEST_STEP][FAILED] - callTestCase: Unable to call Test Case with id 'Test Cases/BEP/TC_Create_BEP_EmailOutput' (Root cause: Call Test Case 'Test Cases/BEP/TC_Create_BEP_EmailOutput' failed)

2017-11-06 13:15:45 - [TEST_CASE][FAILED] - Test Cases/BEP/TC_Create_BEP_EmailOutput: Test Cases/BEP/TC_Create_BEP_EmailOutput FAILED because (of) Unable to upload file 'C:\EStimate.xlsm' to object 'Object Repository/input_PpyWorkPageppyFilePath' (Root cause: org.openqa.selenium.WebDriverException: invalid argument: File not found : C:\EStimate.xlsm
  (Session info: chrome=62.0.3202.75)
  (Driver info: chromedriver=2.33.506120 (e3e53437346286c0bc2d2dc9aa4915ba81d9023f),platform=Windows NT 10.0.15063 x86_64) (WARNING: The server did not provide any stacktrace information)
Command duration or timeout: 31 milliseconds
Build info: version: '2.53.0', revision: '35ae25b', time: '2016-03-15 17:00:58'
System info: host: 'L23967WIN', ip: '10.150.105.6', os.name: 'Windows 10', os.arch: 'amd64', os.version: '10.0', java.version: '1.8.0_102'
Driver info: com.kms.katalon.selenium.driver.CChromeDriver
Capabilities [{applicationCacheEnabled=false, rotatable=false, mobileEmulationEnabled=false, networkConnectionEnabled=false, chrome={chromedriverVersion=2.33.506120 (e3e53437346286c0bc2d2dc9aa4915ba81d9023f), userDataDir=C:\Users\ranjs1\AppData\Local\Temp\scoped_dir17340_17271}, takesHeapSnapshot=true, pageLoadStrategy=normal, databaseEnabled=false, handlesAlerts=true, hasTouchScreen=false, version=62.0.3202.75, platform=XP, browserConnectionEnabled=false, nativeEvents=true, acceptSslCerts=true, locationContextEnabled=true, webStorageEnabled=true, browserName=chrome, takesScreenshot=true, javascriptEnabled=true, cssSelectorsEnabled=true, setWindowRect=true, unexpectedAlertBehaviour=}]
Session ID: 6dec0e4c07b78c03c4a70d6e25428e8f)

2017-11-06 13:15:46 - [TEST_STEP][PASSED] - com.helper.commonfunct.utilities.login: com.helper.commonfunct.utilities.login is PASSED

2017-11-06 13:15:46 - [MESSAGE][WARNING] - A browser is already opened. Closing browser and opening a new one

2017-11-06 13:15:49 - [MESSAGE][PASSED] - Browser is opened with url: ''

2017-11-06 13:15:51 - [MESSAGE][PASSED] - Navigate to 'http://vtcpqa2:9685/tcpqa/PRServlet' successfully

2017-11-06 13:15:52 - [MESSAGE][PASSED] - Text 'hendj@pegasystems.com' is set on object 'Object Repository/input_UserIdentifier'

2017-11-06 13:15:52 - [MESSAGE][PASSED] - Text 'install' is set on object 'Object Repository/input_Password'

2017-11-06 13:15:59 - [MESSAGE][PASSED] - Keys '' sent to object: 'Object Repository/input_Password'

2017-11-06 13:15:59 - [MESSAGE][PASSED] - com.helper.commonfunct.utilities.login is PASSED

2017-11-06 13:15:59 - [TEST_STEP][FAILED] - com.helper.commonfunct.BEP_CommonMethod.EstimateEmailOutput: Unable to upload file 'C:\EStimate.xlsm' to object 'Object Repository/input_PpyWorkPageppyFilePath' (Root cause: org.openqa.selenium.WebDriverException: invalid argument: File not found : C:\EStimate.xlsm
  (Session info: chrome=62.0.3202.75)
  (Driver info: chromedriver=2.33.506120 (e3e53437346286c0bc2d2dc9aa4915ba81d9023f),platform=Windows NT 10.0.15063 x86_64) (WARNING: The server did not provide any stacktrace information)
Command duration or timeout: 31 milliseconds
Build info: version: '2.53.0', revision: '35ae25b', time: '2016-03-15 17:00:58'
System info: host: 'L23967WIN', ip: '10.150.105.6', os.name: 'Windows 10', os.arch: 'amd64', os.version: '10.0', java.version: '1.8.0_102'
Driver info: com.kms.katalon.selenium.driver.CChromeDriver
Capabilities [{applicationCacheEnabled=false, rotatable=false, mobileEmulationEnabled=false, networkConnectionEnabled=false, chrome={chromedriverVersion=2.33.506120 (e3e53437346286c0bc2d2dc9aa4915ba81d9023f), userDataDir=C:\Users\ranjs1\AppData\Local\Temp\scoped_dir17340_17271}, takesHeapSnapshot=true, pageLoadStrategy=normal, databaseEnabled=false, handlesAlerts=true, hasTouchScreen=false, version=62.0.3202.75, platform=XP, browserConnectionEnabled=false, nativeEvents=true, acceptSslCerts=true, locationContextEnabled=true, webStorageEnabled=true, browserName=chrome, takesScreenshot=true, javascriptEnabled=true, cssSelectorsEnabled=true, setWindowRect=true, unexpectedAlertBehaviour=}]
Session ID: 6dec0e4c07b78c03c4a70d6e25428e8f)

2017-11-06 13:15:59 - [MESSAGE][PASSED] - Object: 'Object Repository/Generic/a_Actions' is clicked on

2017-11-06 13:16:01 - [MESSAGE][PASSED] - Object: 'Object Repository/span_New' is focused

2017-11-06 13:16:06 - [MESSAGE][PASSED] - Object: 'Object Repository/BEP/EstimateLink' is clicked on

2017-11-06 13:16:11 - [MESSAGE][PASSED] - Delayed 5 second(s)

2017-11-06 13:16:11 - [MESSAGE][WARNING] - Timeout '0' is invalid. Using default page load timeout: '30'

2017-11-06 13:16:11 - [MESSAGE][PASSED] - Object 'Object Repository/BEP/import' is visible

2017-11-06 13:16:11 - [MESSAGE][PASSED] - Object: 'Object Repository/BEP/import' is clicked on

2017-11-06 13:16:16 - [MESSAGE][PASSED] - Delayed 5 second(s)

2017-11-06 13:16:17 - [MESSAGE][FAILED] - Unable to upload file 'C:\EStimate.xlsm' to object 'Object Repository/input_PpyWorkPageppyFilePath' (Root cause: org.openqa.selenium.WebDriverException: invalid argument: File not found : C:\EStimate.xlsm
  (Session info: chrome=62.0.3202.75)
  (Driver info: chromedriver=2.33.506120 (e3e53437346286c0bc2d2dc9aa4915ba81d9023f),platform=Windows NT 10.0.15063 x86_64) (WARNING: The server did not provide any stacktrace information)
Command duration or timeout: 31 milliseconds
Build info: version: '2.53.0', revision: '35ae25b', time: '2016-03-15 17:00:58'
System info: host: 'L23967WIN', ip: '10.150.105.6', os.name: 'Windows 10', os.arch: 'amd64', os.version: '10.0', java.version: '1.8.0_102'
Driver info: com.kms.katalon.selenium.driver.CChromeDriver
Capabilities [{applicationCacheEnabled=false, rotatable=false, mobileEmulationEnabled=false, networkConnectionEnabled=false, chrome={chromedriverVersion=2.33.506120 (e3e53437346286c0bc2d2dc9aa4915ba81d9023f), userDataDir=C:\Users\ranjs1\AppData\Local\Temp\scoped_dir17340_17271}, takesHeapSnapshot=true, pageLoadStrategy=normal, databaseEnabled=false, handlesAlerts=true, hasTouchScreen=false, version=62.0.3202.75, platform=XP, browserConnectionEnabled=false, nativeEvents=true, acceptSslCerts=true, locationContextEnabled=true, webStorageEnabled=true, browserName=chrome, takesScreenshot=true, javascriptEnabled=true, cssSelectorsEnabled=true, setWindowRect=true, unexpectedAlertBehaviour=}]
Session ID: 6dec0e4c07b78c03c4a70d6e25428e8f)
[[ATTACHMENT|C:\\Users\\ranjs1\\Katalon Studio\\COE\\Reports\\BID\\BEP\\20171106_131505\\1509954376787.png]]

2017-11-06 13:16:17 - [MESSAGE][FAILED] - Unable to upload file 'C:\EStimate.xlsm' to object 'Object Repository/input_PpyWorkPageppyFilePath' (Root cause: org.openqa.selenium.WebDriverException: invalid argument: File not found : C:\EStimate.xlsm
  (Session info: chrome=62.0.3202.75)
  (Driver info: chromedriver=2.33.506120 (e3e53437346286c0bc2d2dc9aa4915ba81d9023f),platform=Windows NT 10.0.15063 x86_64) (WARNING: The server did not provide any stacktrace information)
Command duration or timeout: 31 milliseconds
Build info: version: '2.53.0', revision: '35ae25b', time: '2016-03-15 17:00:58'
System info: host: 'L23967WIN', ip: '10.150.105.6', os.name: 'Windows 10', os.arch: 'amd64', os.version: '10.0', java.version: '1.8.0_102'
Driver info: com.kms.katalon.selenium.driver.CChromeDriver
Capabilities [{applicationCacheEnabled=false, rotatable=false, mobileEmulationEnabled=false, networkConnectionEnabled=false, chrome={chromedriverVersion=2.33.506120 (e3e53437346286c0bc2d2dc9aa4915ba81d9023f), userDataDir=C:\Users\ranjs1\AppData\Local\Temp\scoped_dir17340_17271}, takesHeapSnapshot=true, pageLoadStrategy=normal, databaseEnabled=false, handlesAlerts=true, hasTouchScreen=false, version=62.0.3202.75, platform=XP, browserConnectionEnabled=false, nativeEvents=true, acceptSslCerts=true, locationContextEnabled=true, webStorageEnabled=true, browserName=chrome, takesScreenshot=true, javascriptEnabled=true, cssSelectorsEnabled=true, setWindowRect=true, unexpectedAlertBehaviour=}]
Session ID: 6dec0e4c07b78c03c4a70d6e25428e8f)

2017-11-06 13:16:17 - [MESSAGE][FAILED] - Unable to call Test Case with id 'Test Cases/BEP/TC_Create_BEP_EmailOutput' (Root cause: Call Test Case 'Test Cases/BEP/TC_Create_BEP_EmailOutput' failed)]]></system-out>
         <system-err><![CDATA[2017-11-06 13:15:45 - [TEST_CASE][FAILED] - Test Cases/BEP/TC_CreateBEP_EmailOutput_SendEmail_CreateECR: Test Cases/BEP/TC_CreateBEP_EmailOutput_SendEmail_CreateECR FAILED because (of) Unable to upload file 'C:\EStimate.xlsm' to object 'Object Repository/input_PpyWorkPageppyFilePath' (Root cause: org.openqa.selenium.WebDriverException: invalid argument: File not found : C:\EStimate.xlsm
  (Session info: chrome=62.0.3202.75)
  (Driver info: chromedriver=2.33.506120 (e3e53437346286c0bc2d2dc9aa4915ba81d9023f),platform=Windows NT 10.0.15063 x86_64) (WARNING: The server did not provide any stacktrace information)
Command duration or timeout: 31 milliseconds
Build info: version: '2.53.0', revision: '35ae25b', time: '2016-03-15 17:00:58'
System info: host: 'L23967WIN', ip: '10.150.105.6', os.name: 'Windows 10', os.arch: 'amd64', os.version: '10.0', java.version: '1.8.0_102'
Driver info: com.kms.katalon.selenium.driver.CChromeDriver
Capabilities [{applicationCacheEnabled=false, rotatable=false, mobileEmulationEnabled=false, networkConnectionEnabled=false, chrome={chromedriverVersion=2.33.506120 (e3e53437346286c0bc2d2dc9aa4915ba81d9023f), userDataDir=C:\Users\ranjs1\AppData\Local\Temp\scoped_dir17340_17271}, takesHeapSnapshot=true, pageLoadStrategy=normal, databaseEnabled=false, handlesAlerts=true, hasTouchScreen=false, version=62.0.3202.75, platform=XP, browserConnectionEnabled=false, nativeEvents=true, acceptSslCerts=true, locationContextEnabled=true, webStorageEnabled=true, browserName=chrome, takesScreenshot=true, javascriptEnabled=true, cssSelectorsEnabled=true, setWindowRect=true, unexpectedAlertBehaviour=}]
Session ID: 6dec0e4c07b78c03c4a70d6e25428e8f)]]></system-err>
      </testcase>
      <testcase name="Test Cases/BEP/TC_CreateBEP_EmailOutput_SendEmail_NoECR" classname="Test Cases/BEP/TC_CreateBEP_EmailOutput_SendEmail_NoECR" status="FAILED">
         <failure type="FAILED" message="Unable to upload file 'C:\EStimate.xlsm' to object 'Object Repository/input_PpyWorkPageppyFilePath' (Root cause: org.openqa.selenium.WebDriverException: invalid argument: File not found : C:\EStimate.xlsm
  (Session info: chrome=62.0.3202.75)
  (Driver info: chromedriver=2.33.506120 (e3e53437346286c0bc2d2dc9aa4915ba81d9023f),platform=Windows NT 10.0.15063 x86_64) (WARNING: The server did not provide any stacktrace information)
Command duration or timeout: 16 milliseconds
Build info: version: '2.53.0', revision: '35ae25b', time: '2016-03-15 17:00:58'
System info: host: 'L23967WIN', ip: '10.150.105.6', os.name: 'Windows 10', os.arch: 'amd64', os.version: '10.0', java.version: '1.8.0_102'
Driver info: com.kms.katalon.selenium.driver.CChromeDriver
Capabilities [{applicationCacheEnabled=false, rotatable=false, mobileEmulationEnabled=false, networkConnectionEnabled=false, chrome={chromedriverVersion=2.33.506120 (e3e53437346286c0bc2d2dc9aa4915ba81d9023f), userDataDir=C:\Users\ranjs1\AppData\Local\Temp\scoped_dir16124_32466}, takesHeapSnapshot=true, pageLoadStrategy=normal, databaseEnabled=false, handlesAlerts=true, hasTouchScreen=false, version=62.0.3202.75, platform=XP, browserConnectionEnabled=false, nativeEvents=true, acceptSslCerts=true, locationContextEnabled=true, webStorageEnabled=true, browserName=chrome, takesScreenshot=true, javascriptEnabled=true, cssSelectorsEnabled=true, setWindowRect=true, unexpectedAlertBehaviour=}]
Session ID: bde1b8e6e0ad4ae88c923ffe5fb09711)"/>
         <system-out><![CDATA[2017-11-06 13:16:17 - [TEST_CASE][FAILED] - Test Cases/BEP/TC_CreateBEP_EmailOutput_SendEmail_NoECR: Test Cases/BEP/TC_CreateBEP_EmailOutput_SendEmail_NoECR FAILED because (of) Unable to upload file 'C:\EStimate.xlsm' to object 'Object Repository/input_PpyWorkPageppyFilePath' (Root cause: org.openqa.selenium.WebDriverException: invalid argument: File not found : C:\EStimate.xlsm
  (Session info: chrome=62.0.3202.75)
  (Driver info: chromedriver=2.33.506120 (e3e53437346286c0bc2d2dc9aa4915ba81d9023f),platform=Windows NT 10.0.15063 x86_64) (WARNING: The server did not provide any stacktrace information)
Command duration or timeout: 16 milliseconds
Build info: version: '2.53.0', revision: '35ae25b', time: '2016-03-15 17:00:58'
System info: host: 'L23967WIN', ip: '10.150.105.6', os.name: 'Windows 10', os.arch: 'amd64', os.version: '10.0', java.version: '1.8.0_102'
Driver info: com.kms.katalon.selenium.driver.CChromeDriver
Capabilities [{applicationCacheEnabled=false, rotatable=false, mobileEmulationEnabled=false, networkConnectionEnabled=false, chrome={chromedriverVersion=2.33.506120 (e3e53437346286c0bc2d2dc9aa4915ba81d9023f), userDataDir=C:\Users\ranjs1\AppData\Local\Temp\scoped_dir16124_32466}, takesHeapSnapshot=true, pageLoadStrategy=normal, databaseEnabled=false, handlesAlerts=true, hasTouchScreen=false, version=62.0.3202.75, platform=XP, browserConnectionEnabled=false, nativeEvents=true, acceptSslCerts=true, locationContextEnabled=true, webStorageEnabled=true, browserName=chrome, takesScreenshot=true, javascriptEnabled=true, cssSelectorsEnabled=true, setWindowRect=true, unexpectedAlertBehaviour=}]
Session ID: bde1b8e6e0ad4ae88c923ffe5fb09711)

2017-11-06 13:16:17 - [TEST_STEP][FAILED] - callTestCase: Unable to call Test Case with id 'Test Cases/BEP/TC_Create_BEP_EmailOutput' (Root cause: Call Test Case 'Test Cases/BEP/TC_Create_BEP_EmailOutput' failed)

2017-11-06 13:16:17 - [TEST_CASE][FAILED] - Test Cases/BEP/TC_Create_BEP_EmailOutput: Test Cases/BEP/TC_Create_BEP_EmailOutput FAILED because (of) Unable to upload file 'C:\EStimate.xlsm' to object 'Object Repository/input_PpyWorkPageppyFilePath' (Root cause: org.openqa.selenium.WebDriverException: invalid argument: File not found : C:\EStimate.xlsm
  (Session info: chrome=62.0.3202.75)
  (Driver info: chromedriver=2.33.506120 (e3e53437346286c0bc2d2dc9aa4915ba81d9023f),platform=Windows NT 10.0.15063 x86_64) (WARNING: The server did not provide any stacktrace information)
Command duration or timeout: 16 milliseconds
Build info: version: '2.53.0', revision: '35ae25b', time: '2016-03-15 17:00:58'
System info: host: 'L23967WIN', ip: '10.150.105.6', os.name: 'Windows 10', os.arch: 'amd64', os.version: '10.0', java.version: '1.8.0_102'
Driver info: com.kms.katalon.selenium.driver.CChromeDriver
Capabilities [{applicationCacheEnabled=false, rotatable=false, mobileEmulationEnabled=false, networkConnectionEnabled=false, chrome={chromedriverVersion=2.33.506120 (e3e53437346286c0bc2d2dc9aa4915ba81d9023f), userDataDir=C:\Users\ranjs1\AppData\Local\Temp\scoped_dir16124_32466}, takesHeapSnapshot=true, pageLoadStrategy=normal, databaseEnabled=false, handlesAlerts=true, hasTouchScreen=false, version=62.0.3202.75, platform=XP, browserConnectionEnabled=false, nativeEvents=true, acceptSslCerts=true, locationContextEnabled=true, webStorageEnabled=true, browserName=chrome, takesScreenshot=true, javascriptEnabled=true, cssSelectorsEnabled=true, setWindowRect=true, unexpectedAlertBehaviour=}]
Session ID: bde1b8e6e0ad4ae88c923ffe5fb09711)

2017-11-06 13:16:17 - [TEST_STEP][PASSED] - com.helper.commonfunct.utilities.login: com.helper.commonfunct.utilities.login is PASSED

2017-11-06 13:16:17 - [MESSAGE][WARNING] - A browser is already opened. Closing browser and opening a new one

2017-11-06 13:16:21 - [MESSAGE][PASSED] - Browser is opened with url: ''

2017-11-06 13:16:23 - [MESSAGE][PASSED] - Navigate to 'http://vtcpqa2:9685/tcpqa/PRServlet' successfully

2017-11-06 13:16:23 - [MESSAGE][PASSED] - Text 'hendj@pegasystems.com' is set on object 'Object Repository/input_UserIdentifier'

2017-11-06 13:16:23 - [MESSAGE][PASSED] - Text 'install' is set on object 'Object Repository/input_Password'

2017-11-06 13:16:31 - [MESSAGE][PASSED] - Keys '' sent to object: 'Object Repository/input_Password'

2017-11-06 13:16:31 - [MESSAGE][PASSED] - com.helper.commonfunct.utilities.login is PASSED

2017-11-06 13:16:31 - [TEST_STEP][FAILED] - com.helper.commonfunct.BEP_CommonMethod.EstimateEmailOutput: Unable to upload file 'C:\EStimate.xlsm' to object 'Object Repository/input_PpyWorkPageppyFilePath' (Root cause: org.openqa.selenium.WebDriverException: invalid argument: File not found : C:\EStimate.xlsm
  (Session info: chrome=62.0.3202.75)
  (Driver info: chromedriver=2.33.506120 (e3e53437346286c0bc2d2dc9aa4915ba81d9023f),platform=Windows NT 10.0.15063 x86_64) (WARNING: The server did not provide any stacktrace information)
Command duration or timeout: 16 milliseconds
Build info: version: '2.53.0', revision: '35ae25b', time: '2016-03-15 17:00:58'
System info: host: 'L23967WIN', ip: '10.150.105.6', os.name: 'Windows 10', os.arch: 'amd64', os.version: '10.0', java.version: '1.8.0_102'
Driver info: com.kms.katalon.selenium.driver.CChromeDriver
Capabilities [{applicationCacheEnabled=false, rotatable=false, mobileEmulationEnabled=false, networkConnectionEnabled=false, chrome={chromedriverVersion=2.33.506120 (e3e53437346286c0bc2d2dc9aa4915ba81d9023f), userDataDir=C:\Users\ranjs1\AppData\Local\Temp\scoped_dir16124_32466}, takesHeapSnapshot=true, pageLoadStrategy=normal, databaseEnabled=false, handlesAlerts=true, hasTouchScreen=false, version=62.0.3202.75, platform=XP, browserConnectionEnabled=false, nativeEvents=true, acceptSslCerts=true, locationContextEnabled=true, webStorageEnabled=true, browserName=chrome, takesScreenshot=true, javascriptEnabled=true, cssSelectorsEnabled=true, setWindowRect=true, unexpectedAlertBehaviour=}]
Session ID: bde1b8e6e0ad4ae88c923ffe5fb09711)

2017-11-06 13:16:31 - [MESSAGE][PASSED] - Object: 'Object Repository/Generic/a_Actions' is clicked on

2017-11-06 13:16:32 - [MESSAGE][PASSED] - Object: 'Object Repository/span_New' is focused

2017-11-06 13:16:37 - [MESSAGE][PASSED] - Object: 'Object Repository/BEP/EstimateLink' is clicked on

2017-11-06 13:16:42 - [MESSAGE][PASSED] - Delayed 5 second(s)

2017-11-06 13:16:42 - [MESSAGE][WARNING] - Timeout '0' is invalid. Using default page load timeout: '30'

2017-11-06 13:16:42 - [MESSAGE][PASSED] - Object 'Object Repository/BEP/import' is visible

2017-11-06 13:16:42 - [MESSAGE][PASSED] - Object: 'Object Repository/BEP/import' is clicked on

2017-11-06 13:16:47 - [MESSAGE][PASSED] - Delayed 5 second(s)

2017-11-06 13:16:48 - [MESSAGE][FAILED] - Unable to upload file 'C:\EStimate.xlsm' to object 'Object Repository/input_PpyWorkPageppyFilePath' (Root cause: org.openqa.selenium.WebDriverException: invalid argument: File not found : C:\EStimate.xlsm
  (Session info: chrome=62.0.3202.75)
  (Driver info: chromedriver=2.33.506120 (e3e53437346286c0bc2d2dc9aa4915ba81d9023f),platform=Windows NT 10.0.15063 x86_64) (WARNING: The server did not provide any stacktrace information)
Command duration or timeout: 16 milliseconds
Build info: version: '2.53.0', revision: '35ae25b', time: '2016-03-15 17:00:58'
System info: host: 'L23967WIN', ip: '10.150.105.6', os.name: 'Windows 10', os.arch: 'amd64', os.version: '10.0', java.version: '1.8.0_102'
Driver info: com.kms.katalon.selenium.driver.CChromeDriver
Capabilities [{applicationCacheEnabled=false, rotatable=false, mobileEmulationEnabled=false, networkConnectionEnabled=false, chrome={chromedriverVersion=2.33.506120 (e3e53437346286c0bc2d2dc9aa4915ba81d9023f), userDataDir=C:\Users\ranjs1\AppData\Local\Temp\scoped_dir16124_32466}, takesHeapSnapshot=true, pageLoadStrategy=normal, databaseEnabled=false, handlesAlerts=true, hasTouchScreen=false, version=62.0.3202.75, platform=XP, browserConnectionEnabled=false, nativeEvents=true, acceptSslCerts=true, locationContextEnabled=true, webStorageEnabled=true, browserName=chrome, takesScreenshot=true, javascriptEnabled=true, cssSelectorsEnabled=true, setWindowRect=true, unexpectedAlertBehaviour=}]
Session ID: bde1b8e6e0ad4ae88c923ffe5fb09711)
[[ATTACHMENT|C:\\Users\\ranjs1\\Katalon Studio\\COE\\Reports\\BID\\BEP\\20171106_131505\\1509954407974.png]]

2017-11-06 13:16:48 - [MESSAGE][FAILED] - Unable to upload file 'C:\EStimate.xlsm' to object 'Object Repository/input_PpyWorkPageppyFilePath' (Root cause: org.openqa.selenium.WebDriverException: invalid argument: File not found : C:\EStimate.xlsm
  (Session info: chrome=62.0.3202.75)
  (Driver info: chromedriver=2.33.506120 (e3e53437346286c0bc2d2dc9aa4915ba81d9023f),platform=Windows NT 10.0.15063 x86_64) (WARNING: The server did not provide any stacktrace information)
Command duration or timeout: 16 milliseconds
Build info: version: '2.53.0', revision: '35ae25b', time: '2016-03-15 17:00:58'
System info: host: 'L23967WIN', ip: '10.150.105.6', os.name: 'Windows 10', os.arch: 'amd64', os.version: '10.0', java.version: '1.8.0_102'
Driver info: com.kms.katalon.selenium.driver.CChromeDriver
Capabilities [{applicationCacheEnabled=false, rotatable=false, mobileEmulationEnabled=false, networkConnectionEnabled=false, chrome={chromedriverVersion=2.33.506120 (e3e53437346286c0bc2d2dc9aa4915ba81d9023f), userDataDir=C:\Users\ranjs1\AppData\Local\Temp\scoped_dir16124_32466}, takesHeapSnapshot=true, pageLoadStrategy=normal, databaseEnabled=false, handlesAlerts=true, hasTouchScreen=false, version=62.0.3202.75, platform=XP, browserConnectionEnabled=false, nativeEvents=true, acceptSslCerts=true, locationContextEnabled=true, webStorageEnabled=true, browserName=chrome, takesScreenshot=true, javascriptEnabled=true, cssSelectorsEnabled=true, setWindowRect=true, unexpectedAlertBehaviour=}]
Session ID: bde1b8e6e0ad4ae88c923ffe5fb09711)

2017-11-06 13:16:48 - [MESSAGE][FAILED] - Unable to call Test Case with id 'Test Cases/BEP/TC_Create_BEP_EmailOutput' (Root cause: Call Test Case 'Test Cases/BEP/TC_Create_BEP_EmailOutput' failed)]]></system-out>
         <system-err><![CDATA[2017-11-06 13:16:17 - [TEST_CASE][FAILED] - Test Cases/BEP/TC_CreateBEP_EmailOutput_SendEmail_NoECR: Test Cases/BEP/TC_CreateBEP_EmailOutput_SendEmail_NoECR FAILED because (of) Unable to upload file 'C:\EStimate.xlsm' to object 'Object Repository/input_PpyWorkPageppyFilePath' (Root cause: org.openqa.selenium.WebDriverException: invalid argument: File not found : C:\EStimate.xlsm
  (Session info: chrome=62.0.3202.75)
  (Driver info: chromedriver=2.33.506120 (e3e53437346286c0bc2d2dc9aa4915ba81d9023f),platform=Windows NT 10.0.15063 x86_64) (WARNING: The server did not provide any stacktrace information)
Command duration or timeout: 16 milliseconds
Build info: version: '2.53.0', revision: '35ae25b', time: '2016-03-15 17:00:58'
System info: host: 'L23967WIN', ip: '10.150.105.6', os.name: 'Windows 10', os.arch: 'amd64', os.version: '10.0', java.version: '1.8.0_102'
Driver info: com.kms.katalon.selenium.driver.CChromeDriver
Capabilities [{applicationCacheEnabled=false, rotatable=false, mobileEmulationEnabled=false, networkConnectionEnabled=false, chrome={chromedriverVersion=2.33.506120 (e3e53437346286c0bc2d2dc9aa4915ba81d9023f), userDataDir=C:\Users\ranjs1\AppData\Local\Temp\scoped_dir16124_32466}, takesHeapSnapshot=true, pageLoadStrategy=normal, databaseEnabled=false, handlesAlerts=true, hasTouchScreen=false, version=62.0.3202.75, platform=XP, browserConnectionEnabled=false, nativeEvents=true, acceptSslCerts=true, locationContextEnabled=true, webStorageEnabled=true, browserName=chrome, takesScreenshot=true, javascriptEnabled=true, cssSelectorsEnabled=true, setWindowRect=true, unexpectedAlertBehaviour=}]
Session ID: bde1b8e6e0ad4ae88c923ffe5fb09711)]]></system-err>
      </testcase>
      <testcase name="Test Cases/BEP/TC_CreateBEP_EmailOutput_SkipEmail_CreateECR" classname="Test Cases/BEP/TC_CreateBEP_EmailOutput_SkipEmail_CreateECR" status="FAILED">
         <failure type="FAILED" message="Unable to upload file 'C:\EStimate.xlsm' to object 'Object Repository/input_PpyWorkPageppyFilePath' (Root cause: org.openqa.selenium.WebDriverException: invalid argument: File not found : C:\EStimate.xlsm
  (Session info: chrome=62.0.3202.75)
  (Driver info: chromedriver=2.33.506120 (e3e53437346286c0bc2d2dc9aa4915ba81d9023f),platform=Windows NT 10.0.15063 x86_64) (WARNING: The server did not provide any stacktrace information)
Command duration or timeout: 20 milliseconds
Build info: version: '2.53.0', revision: '35ae25b', time: '2016-03-15 17:00:58'
System info: host: 'L23967WIN', ip: '10.150.105.6', os.name: 'Windows 10', os.arch: 'amd64', os.version: '10.0', java.version: '1.8.0_102'
Driver info: com.kms.katalon.selenium.driver.CChromeDriver
Capabilities [{applicationCacheEnabled=false, rotatable=false, mobileEmulationEnabled=false, networkConnectionEnabled=false, chrome={chromedriverVersion=2.33.506120 (e3e53437346286c0bc2d2dc9aa4915ba81d9023f), userDataDir=C:\Users\ranjs1\AppData\Local\Temp\scoped_dir14604_7054}, takesHeapSnapshot=true, pageLoadStrategy=normal, databaseEnabled=false, handlesAlerts=true, hasTouchScreen=false, version=62.0.3202.75, platform=XP, browserConnectionEnabled=false, nativeEvents=true, acceptSslCerts=true, locationContextEnabled=true, webStorageEnabled=true, browserName=chrome, takesScreenshot=true, javascriptEnabled=true, cssSelectorsEnabled=true, setWindowRect=true, unexpectedAlertBehaviour=}]
Session ID: 77bd79452ec43064a9ce81dde167d8af)"/>
         <system-out><![CDATA[2017-11-06 13:16:48 - [TEST_CASE][FAILED] - Test Cases/BEP/TC_CreateBEP_EmailOutput_SkipEmail_CreateECR: Test Cases/BEP/TC_CreateBEP_EmailOutput_SkipEmail_CreateECR FAILED because (of) Unable to upload file 'C:\EStimate.xlsm' to object 'Object Repository/input_PpyWorkPageppyFilePath' (Root cause: org.openqa.selenium.WebDriverException: invalid argument: File not found : C:\EStimate.xlsm
  (Session info: chrome=62.0.3202.75)
  (Driver info: chromedriver=2.33.506120 (e3e53437346286c0bc2d2dc9aa4915ba81d9023f),platform=Windows NT 10.0.15063 x86_64) (WARNING: The server did not provide any stacktrace information)
Command duration or timeout: 20 milliseconds
Build info: version: '2.53.0', revision: '35ae25b', time: '2016-03-15 17:00:58'
System info: host: 'L23967WIN', ip: '10.150.105.6', os.name: 'Windows 10', os.arch: 'amd64', os.version: '10.0', java.version: '1.8.0_102'
Driver info: com.kms.katalon.selenium.driver.CChromeDriver
Capabilities [{applicationCacheEnabled=false, rotatable=false, mobileEmulationEnabled=false, networkConnectionEnabled=false, chrome={chromedriverVersion=2.33.506120 (e3e53437346286c0bc2d2dc9aa4915ba81d9023f), userDataDir=C:\Users\ranjs1\AppData\Local\Temp\scoped_dir14604_7054}, takesHeapSnapshot=true, pageLoadStrategy=normal, databaseEnabled=false, handlesAlerts=true, hasTouchScreen=false, version=62.0.3202.75, platform=XP, browserConnectionEnabled=false, nativeEvents=true, acceptSslCerts=true, locationContextEnabled=true, webStorageEnabled=true, browserName=chrome, takesScreenshot=true, javascriptEnabled=true, cssSelectorsEnabled=true, setWindowRect=true, unexpectedAlertBehaviour=}]
Session ID: 77bd79452ec43064a9ce81dde167d8af)

2017-11-06 13:16:48 - [TEST_STEP][FAILED] - callTestCase: Unable to call Test Case with id 'Test Cases/BEP/TC_Create_BEP_EmailOutput' (Root cause: Call Test Case 'Test Cases/BEP/TC_Create_BEP_EmailOutput' failed)

2017-11-06 13:16:48 - [TEST_CASE][FAILED] - Test Cases/BEP/TC_Create_BEP_EmailOutput: Test Cases/BEP/TC_Create_BEP_EmailOutput FAILED because (of) Unable to upload file 'C:\EStimate.xlsm' to object 'Object Repository/input_PpyWorkPageppyFilePath' (Root cause: org.openqa.selenium.WebDriverException: invalid argument: File not found : C:\EStimate.xlsm
  (Session info: chrome=62.0.3202.75)
  (Driver info: chromedriver=2.33.506120 (e3e53437346286c0bc2d2dc9aa4915ba81d9023f),platform=Windows NT 10.0.15063 x86_64) (WARNING: The server did not provide any stacktrace information)
Command duration or timeout: 20 milliseconds
Build info: version: '2.53.0', revision: '35ae25b', time: '2016-03-15 17:00:58'
System info: host: 'L23967WIN', ip: '10.150.105.6', os.name: 'Windows 10', os.arch: 'amd64', os.version: '10.0', java.version: '1.8.0_102'
Driver info: com.kms.katalon.selenium.driver.CChromeDriver
Capabilities [{applicationCacheEnabled=false, rotatable=false, mobileEmulationEnabled=false, networkConnectionEnabled=false, chrome={chromedriverVersion=2.33.506120 (e3e53437346286c0bc2d2dc9aa4915ba81d9023f), userDataDir=C:\Users\ranjs1\AppData\Local\Temp\scoped_dir14604_7054}, takesHeapSnapshot=true, pageLoadStrategy=normal, databaseEnabled=false, handlesAlerts=true, hasTouchScreen=false, version=62.0.3202.75, platform=XP, browserConnectionEnabled=false, nativeEvents=true, acceptSslCerts=true, locationContextEnabled=true, webStorageEnabled=true, browserName=chrome, takesScreenshot=true, javascriptEnabled=true, cssSelectorsEnabled=true, setWindowRect=true, unexpectedAlertBehaviour=}]
Session ID: 77bd79452ec43064a9ce81dde167d8af)

2017-11-06 13:16:48 - [TEST_STEP][PASSED] - com.helper.commonfunct.utilities.login: com.helper.commonfunct.utilities.login is PASSED

2017-11-06 13:16:48 - [MESSAGE][WARNING] - A browser is already opened. Closing browser and opening a new one

2017-11-06 13:16:52 - [MESSAGE][PASSED] - Browser is opened with url: ''

2017-11-06 13:16:54 - [MESSAGE][PASSED] - Navigate to 'http://vtcpqa2:9685/tcpqa/PRServlet' successfully

2017-11-06 13:16:54 - [MESSAGE][PASSED] - Text 'hendj@pegasystems.com' is set on object 'Object Repository/input_UserIdentifier'

2017-11-06 13:16:54 - [MESSAGE][PASSED] - Text 'install' is set on object 'Object Repository/input_Password'

2017-11-06 13:17:01 - [MESSAGE][PASSED] - Keys '' sent to object: 'Object Repository/input_Password'

2017-11-06 13:17:01 - [MESSAGE][PASSED] - com.helper.commonfunct.utilities.login is PASSED

2017-11-06 13:17:01 - [TEST_STEP][FAILED] - com.helper.commonfunct.BEP_CommonMethod.EstimateEmailOutput: Unable to upload file 'C:\EStimate.xlsm' to object 'Object Repository/input_PpyWorkPageppyFilePath' (Root cause: org.openqa.selenium.WebDriverException: invalid argument: File not found : C:\EStimate.xlsm
  (Session info: chrome=62.0.3202.75)
  (Driver info: chromedriver=2.33.506120 (e3e53437346286c0bc2d2dc9aa4915ba81d9023f),platform=Windows NT 10.0.15063 x86_64) (WARNING: The server did not provide any stacktrace information)
Command duration or timeout: 20 milliseconds
Build info: version: '2.53.0', revision: '35ae25b', time: '2016-03-15 17:00:58'
System info: host: 'L23967WIN', ip: '10.150.105.6', os.name: 'Windows 10', os.arch: 'amd64', os.version: '10.0', java.version: '1.8.0_102'
Driver info: com.kms.katalon.selenium.driver.CChromeDriver
Capabilities [{applicationCacheEnabled=false, rotatable=false, mobileEmulationEnabled=false, networkConnectionEnabled=false, chrome={chromedriverVersion=2.33.506120 (e3e53437346286c0bc2d2dc9aa4915ba81d9023f), userDataDir=C:\Users\ranjs1\AppData\Local\Temp\scoped_dir14604_7054}, takesHeapSnapshot=true, pageLoadStrategy=normal, databaseEnabled=false, handlesAlerts=true, hasTouchScreen=false, version=62.0.3202.75, platform=XP, browserConnectionEnabled=false, nativeEvents=true, acceptSslCerts=true, locationContextEnabled=true, webStorageEnabled=true, browserName=chrome, takesScreenshot=true, javascriptEnabled=true, cssSelectorsEnabled=true, setWindowRect=true, unexpectedAlertBehaviour=}]
Session ID: 77bd79452ec43064a9ce81dde167d8af)

2017-11-06 13:17:02 - [MESSAGE][PASSED] - Object: 'Object Repository/Generic/a_Actions' is clicked on

2017-11-06 13:17:03 - [MESSAGE][PASSED] - Object: 'Object Repository/span_New' is focused

2017-11-06 13:17:07 - [MESSAGE][PASSED] - Object: 'Object Repository/BEP/EstimateLink' is clicked on

2017-11-06 13:17:12 - [MESSAGE][PASSED] - Delayed 5 second(s)

2017-11-06 13:17:12 - [MESSAGE][WARNING] - Timeout '0' is invalid. Using default page load timeout: '30'

2017-11-06 13:17:12 - [MESSAGE][PASSED] - Object 'Object Repository/BEP/import' is visible

2017-11-06 13:17:12 - [MESSAGE][PASSED] - Object: 'Object Repository/BEP/import' is clicked on

2017-11-06 13:17:17 - [MESSAGE][PASSED] - Delayed 5 second(s)

2017-11-06 13:17:18 - [MESSAGE][FAILED] - Unable to upload file 'C:\EStimate.xlsm' to object 'Object Repository/input_PpyWorkPageppyFilePath' (Root cause: org.openqa.selenium.WebDriverException: invalid argument: File not found : C:\EStimate.xlsm
  (Session info: chrome=62.0.3202.75)
  (Driver info: chromedriver=2.33.506120 (e3e53437346286c0bc2d2dc9aa4915ba81d9023f),platform=Windows NT 10.0.15063 x86_64) (WARNING: The server did not provide any stacktrace information)
Command duration or timeout: 20 milliseconds
Build info: version: '2.53.0', revision: '35ae25b', time: '2016-03-15 17:00:58'
System info: host: 'L23967WIN', ip: '10.150.105.6', os.name: 'Windows 10', os.arch: 'amd64', os.version: '10.0', java.version: '1.8.0_102'
Driver info: com.kms.katalon.selenium.driver.CChromeDriver
Capabilities [{applicationCacheEnabled=false, rotatable=false, mobileEmulationEnabled=false, networkConnectionEnabled=false, chrome={chromedriverVersion=2.33.506120 (e3e53437346286c0bc2d2dc9aa4915ba81d9023f), userDataDir=C:\Users\ranjs1\AppData\Local\Temp\scoped_dir14604_7054}, takesHeapSnapshot=true, pageLoadStrategy=normal, databaseEnabled=false, handlesAlerts=true, hasTouchScreen=false, version=62.0.3202.75, platform=XP, browserConnectionEnabled=false, nativeEvents=true, acceptSslCerts=true, locationContextEnabled=true, webStorageEnabled=true, browserName=chrome, takesScreenshot=true, javascriptEnabled=true, cssSelectorsEnabled=true, setWindowRect=true, unexpectedAlertBehaviour=}]
Session ID: 77bd79452ec43064a9ce81dde167d8af)
[[ATTACHMENT|C:\\Users\\ranjs1\\Katalon Studio\\COE\\Reports\\BID\\BEP\\20171106_131505\\1509954437936.png]]

2017-11-06 13:17:18 - [MESSAGE][FAILED] - Unable to upload file 'C:\EStimate.xlsm' to object 'Object Repository/input_PpyWorkPageppyFilePath' (Root cause: org.openqa.selenium.WebDriverException: invalid argument: File not found : C:\EStimate.xlsm
  (Session info: chrome=62.0.3202.75)
  (Driver info: chromedriver=2.33.506120 (e3e53437346286c0bc2d2dc9aa4915ba81d9023f),platform=Windows NT 10.0.15063 x86_64) (WARNING: The server did not provide any stacktrace information)
Command duration or timeout: 20 milliseconds
Build info: version: '2.53.0', revision: '35ae25b', time: '2016-03-15 17:00:58'
System info: host: 'L23967WIN', ip: '10.150.105.6', os.name: 'Windows 10', os.arch: 'amd64', os.version: '10.0', java.version: '1.8.0_102'
Driver info: com.kms.katalon.selenium.driver.CChromeDriver
Capabilities [{applicationCacheEnabled=false, rotatable=false, mobileEmulationEnabled=false, networkConnectionEnabled=false, chrome={chromedriverVersion=2.33.506120 (e3e53437346286c0bc2d2dc9aa4915ba81d9023f), userDataDir=C:\Users\ranjs1\AppData\Local\Temp\scoped_dir14604_7054}, takesHeapSnapshot=true, pageLoadStrategy=normal, databaseEnabled=false, handlesAlerts=true, hasTouchScreen=false, version=62.0.3202.75, platform=XP, browserConnectionEnabled=false, nativeEvents=true, acceptSslCerts=true, locationContextEnabled=true, webStorageEnabled=true, browserName=chrome, takesScreenshot=true, javascriptEnabled=true, cssSelectorsEnabled=true, setWindowRect=true, unexpectedAlertBehaviour=}]
Session ID: 77bd79452ec43064a9ce81dde167d8af)

2017-11-06 13:17:18 - [MESSAGE][FAILED] - Unable to call Test Case with id 'Test Cases/BEP/TC_Create_BEP_EmailOutput' (Root cause: Call Test Case 'Test Cases/BEP/TC_Create_BEP_EmailOutput' failed)]]></system-out>
         <system-err><![CDATA[2017-11-06 13:16:48 - [TEST_CASE][FAILED] - Test Cases/BEP/TC_CreateBEP_EmailOutput_SkipEmail_CreateECR: Test Cases/BEP/TC_CreateBEP_EmailOutput_SkipEmail_CreateECR FAILED because (of) Unable to upload file 'C:\EStimate.xlsm' to object 'Object Repository/input_PpyWorkPageppyFilePath' (Root cause: org.openqa.selenium.WebDriverException: invalid argument: File not found : C:\EStimate.xlsm
  (Session info: chrome=62.0.3202.75)
  (Driver info: chromedriver=2.33.506120 (e3e53437346286c0bc2d2dc9aa4915ba81d9023f),platform=Windows NT 10.0.15063 x86_64) (WARNING: The server did not provide any stacktrace information)
Command duration or timeout: 20 milliseconds
Build info: version: '2.53.0', revision: '35ae25b', time: '2016-03-15 17:00:58'
System info: host: 'L23967WIN', ip: '10.150.105.6', os.name: 'Windows 10', os.arch: 'amd64', os.version: '10.0', java.version: '1.8.0_102'
Driver info: com.kms.katalon.selenium.driver.CChromeDriver
Capabilities [{applicationCacheEnabled=false, rotatable=false, mobileEmulationEnabled=false, networkConnectionEnabled=false, chrome={chromedriverVersion=2.33.506120 (e3e53437346286c0bc2d2dc9aa4915ba81d9023f), userDataDir=C:\Users\ranjs1\AppData\Local\Temp\scoped_dir14604_7054}, takesHeapSnapshot=true, pageLoadStrategy=normal, databaseEnabled=false, handlesAlerts=true, hasTouchScreen=false, version=62.0.3202.75, platform=XP, browserConnectionEnabled=false, nativeEvents=true, acceptSslCerts=true, locationContextEnabled=true, webStorageEnabled=true, browserName=chrome, takesScreenshot=true, javascriptEnabled=true, cssSelectorsEnabled=true, setWindowRect=true, unexpectedAlertBehaviour=}]
Session ID: 77bd79452ec43064a9ce81dde167d8af)]]></system-err>
      </testcase>
      <testcase name="Test Cases/BEP/TC_CreateBEP_EmailOutput_SkipEmail_NOECR" classname="Test Cases/BEP/TC_CreateBEP_EmailOutput_SkipEmail_NOECR" status="FAILED">
         <failure type="FAILED" message="Unable to upload file 'C:\EStimate.xlsm' to object 'Object Repository/input_PpyWorkPageppyFilePath' (Root cause: org.openqa.selenium.WebDriverException: invalid argument: File not found : C:\EStimate.xlsm
  (Session info: chrome=62.0.3202.75)
  (Driver info: chromedriver=2.33.506120 (e3e53437346286c0bc2d2dc9aa4915ba81d9023f),platform=Windows NT 10.0.15063 x86_64) (WARNING: The server did not provide any stacktrace information)
Command duration or timeout: 19 milliseconds
Build info: version: '2.53.0', revision: '35ae25b', time: '2016-03-15 17:00:58'
System info: host: 'L23967WIN', ip: '10.150.105.6', os.name: 'Windows 10', os.arch: 'amd64', os.version: '10.0', java.version: '1.8.0_102'
Driver info: com.kms.katalon.selenium.driver.CChromeDriver
Capabilities [{applicationCacheEnabled=false, rotatable=false, mobileEmulationEnabled=false, networkConnectionEnabled=false, chrome={chromedriverVersion=2.33.506120 (e3e53437346286c0bc2d2dc9aa4915ba81d9023f), userDataDir=C:\Users\ranjs1\AppData\Local\Temp\scoped_dir1116_2757}, takesHeapSnapshot=true, pageLoadStrategy=normal, databaseEnabled=false, handlesAlerts=true, hasTouchScreen=false, version=62.0.3202.75, platform=XP, browserConnectionEnabled=false, nativeEvents=true, acceptSslCerts=true, locationContextEnabled=true, webStorageEnabled=true, browserName=chrome, takesScreenshot=true, javascriptEnabled=true, cssSelectorsEnabled=true, setWindowRect=true, unexpectedAlertBehaviour=}]
Session ID: 46205116960e2ca5fdc23d375bebfd28)"/>
         <system-out><![CDATA[2017-11-06 13:17:18 - [TEST_CASE][FAILED] - Test Cases/BEP/TC_CreateBEP_EmailOutput_SkipEmail_NOECR: Test Cases/BEP/TC_CreateBEP_EmailOutput_SkipEmail_NOECR FAILED because (of) Unable to upload file 'C:\EStimate.xlsm' to object 'Object Repository/input_PpyWorkPageppyFilePath' (Root cause: org.openqa.selenium.WebDriverException: invalid argument: File not found : C:\EStimate.xlsm
  (Session info: chrome=62.0.3202.75)
  (Driver info: chromedriver=2.33.506120 (e3e53437346286c0bc2d2dc9aa4915ba81d9023f),platform=Windows NT 10.0.15063 x86_64) (WARNING: The server did not provide any stacktrace information)
Command duration or timeout: 19 milliseconds
Build info: version: '2.53.0', revision: '35ae25b', time: '2016-03-15 17:00:58'
System info: host: 'L23967WIN', ip: '10.150.105.6', os.name: 'Windows 10', os.arch: 'amd64', os.version: '10.0', java.version: '1.8.0_102'
Driver info: com.kms.katalon.selenium.driver.CChromeDriver
Capabilities [{applicationCacheEnabled=false, rotatable=false, mobileEmulationEnabled=false, networkConnectionEnabled=false, chrome={chromedriverVersion=2.33.506120 (e3e53437346286c0bc2d2dc9aa4915ba81d9023f), userDataDir=C:\Users\ranjs1\AppData\Local\Temp\scoped_dir1116_2757}, takesHeapSnapshot=true, pageLoadStrategy=normal, databaseEnabled=false, handlesAlerts=true, hasTouchScreen=false, version=62.0.3202.75, platform=XP, browserConnectionEnabled=false, nativeEvents=true, acceptSslCerts=true, locationContextEnabled=true, webStorageEnabled=true, browserName=chrome, takesScreenshot=true, javascriptEnabled=true, cssSelectorsEnabled=true, setWindowRect=true, unexpectedAlertBehaviour=}]
Session ID: 46205116960e2ca5fdc23d375bebfd28)

2017-11-06 13:17:18 - [TEST_STEP][FAILED] - callTestCase: Unable to call Test Case with id 'Test Cases/BEP/TC_Create_BEP_EmailOutput' (Root cause: Call Test Case 'Test Cases/BEP/TC_Create_BEP_EmailOutput' failed)

2017-11-06 13:17:18 - [TEST_CASE][FAILED] - Test Cases/BEP/TC_Create_BEP_EmailOutput: Test Cases/BEP/TC_Create_BEP_EmailOutput FAILED because (of) Unable to upload file 'C:\EStimate.xlsm' to object 'Object Repository/input_PpyWorkPageppyFilePath' (Root cause: org.openqa.selenium.WebDriverException: invalid argument: File not found : C:\EStimate.xlsm
  (Session info: chrome=62.0.3202.75)
  (Driver info: chromedriver=2.33.506120 (e3e53437346286c0bc2d2dc9aa4915ba81d9023f),platform=Windows NT 10.0.15063 x86_64) (WARNING: The server did not provide any stacktrace information)
Command duration or timeout: 19 milliseconds
Build info: version: '2.53.0', revision: '35ae25b', time: '2016-03-15 17:00:58'
System info: host: 'L23967WIN', ip: '10.150.105.6', os.name: 'Windows 10', os.arch: 'amd64', os.version: '10.0', java.version: '1.8.0_102'
Driver info: com.kms.katalon.selenium.driver.CChromeDriver
Capabilities [{applicationCacheEnabled=false, rotatable=false, mobileEmulationEnabled=false, networkConnectionEnabled=false, chrome={chromedriverVersion=2.33.506120 (e3e53437346286c0bc2d2dc9aa4915ba81d9023f), userDataDir=C:\Users\ranjs1\AppData\Local\Temp\scoped_dir1116_2757}, takesHeapSnapshot=true, pageLoadStrategy=normal, databaseEnabled=false, handlesAlerts=true, hasTouchScreen=false, version=62.0.3202.75, platform=XP, browserConnectionEnabled=false, nativeEvents=true, acceptSslCerts=true, locationContextEnabled=true, webStorageEnabled=true, browserName=chrome, takesScreenshot=true, javascriptEnabled=true, cssSelectorsEnabled=true, setWindowRect=true, unexpectedAlertBehaviour=}]
Session ID: 46205116960e2ca5fdc23d375bebfd28)

2017-11-06 13:17:18 - [TEST_STEP][PASSED] - com.helper.commonfunct.utilities.login: com.helper.commonfunct.utilities.login is PASSED

2017-11-06 13:17:18 - [MESSAGE][WARNING] - A browser is already opened. Closing browser and opening a new one

2017-11-06 13:17:22 - [MESSAGE][PASSED] - Browser is opened with url: ''

2017-11-06 13:17:24 - [MESSAGE][PASSED] - Navigate to 'http://vtcpqa2:9685/tcpqa/PRServlet' successfully

2017-11-06 13:17:24 - [MESSAGE][PASSED] - Text 'hendj@pegasystems.com' is set on object 'Object Repository/input_UserIdentifier'

2017-11-06 13:17:24 - [MESSAGE][PASSED] - Text 'install' is set on object 'Object Repository/input_Password'

2017-11-06 13:17:31 - [MESSAGE][PASSED] - Keys '' sent to object: 'Object Repository/input_Password'

2017-11-06 13:17:31 - [MESSAGE][PASSED] - com.helper.commonfunct.utilities.login is PASSED

2017-11-06 13:17:31 - [TEST_STEP][FAILED] - com.helper.commonfunct.BEP_CommonMethod.EstimateEmailOutput: Unable to upload file 'C:\EStimate.xlsm' to object 'Object Repository/input_PpyWorkPageppyFilePath' (Root cause: org.openqa.selenium.WebDriverException: invalid argument: File not found : C:\EStimate.xlsm
  (Session info: chrome=62.0.3202.75)
  (Driver info: chromedriver=2.33.506120 (e3e53437346286c0bc2d2dc9aa4915ba81d9023f),platform=Windows NT 10.0.15063 x86_64) (WARNING: The server did not provide any stacktrace information)
Command duration or timeout: 19 milliseconds
Build info: version: '2.53.0', revision: '35ae25b', time: '2016-03-15 17:00:58'
System info: host: 'L23967WIN', ip: '10.150.105.6', os.name: 'Windows 10', os.arch: 'amd64', os.version: '10.0', java.version: '1.8.0_102'
Driver info: com.kms.katalon.selenium.driver.CChromeDriver
Capabilities [{applicationCacheEnabled=false, rotatable=false, mobileEmulationEnabled=false, networkConnectionEnabled=false, chrome={chromedriverVersion=2.33.506120 (e3e53437346286c0bc2d2dc9aa4915ba81d9023f), userDataDir=C:\Users\ranjs1\AppData\Local\Temp\scoped_dir1116_2757}, takesHeapSnapshot=true, pageLoadStrategy=normal, databaseEnabled=false, handlesAlerts=true, hasTouchScreen=false, version=62.0.3202.75, platform=XP, browserConnectionEnabled=false, nativeEvents=true, acceptSslCerts=true, locationContextEnabled=true, webStorageEnabled=true, browserName=chrome, takesScreenshot=true, javascriptEnabled=true, cssSelectorsEnabled=true, setWindowRect=true, unexpectedAlertBehaviour=}]
Session ID: 46205116960e2ca5fdc23d375bebfd28)

2017-11-06 13:17:31 - [MESSAGE][PASSED] - Object: 'Object Repository/Generic/a_Actions' is clicked on

2017-11-06 13:17:32 - [MESSAGE][PASSED] - Object: 'Object Repository/span_New' is focused

2017-11-06 13:17:36 - [MESSAGE][PASSED] - Object: 'Object Repository/BEP/EstimateLink' is clicked on

2017-11-06 13:17:41 - [MESSAGE][PASSED] - Delayed 5 second(s)

2017-11-06 13:17:41 - [MESSAGE][WARNING] - Timeout '0' is invalid. Using default page load timeout: '30'

2017-11-06 13:17:41 - [MESSAGE][PASSED] - Object 'Object Repository/BEP/import' is visible

2017-11-06 13:17:41 - [MESSAGE][PASSED] - Object: 'Object Repository/BEP/import' is clicked on

2017-11-06 13:17:46 - [MESSAGE][PASSED] - Delayed 5 second(s)

2017-11-06 13:17:47 - [MESSAGE][FAILED] - Unable to upload file 'C:\EStimate.xlsm' to object 'Object Repository/input_PpyWorkPageppyFilePath' (Root cause: org.openqa.selenium.WebDriverException: invalid argument: File not found : C:\EStimate.xlsm
  (Session info: chrome=62.0.3202.75)
  (Driver info: chromedriver=2.33.506120 (e3e53437346286c0bc2d2dc9aa4915ba81d9023f),platform=Windows NT 10.0.15063 x86_64) (WARNING: The server did not provide any stacktrace information)
Command duration or timeout: 19 milliseconds
Build info: version: '2.53.0', revision: '35ae25b', time: '2016-03-15 17:00:58'
System info: host: 'L23967WIN', ip: '10.150.105.6', os.name: 'Windows 10', os.arch: 'amd64', os.version: '10.0', java.version: '1.8.0_102'
Driver info: com.kms.katalon.selenium.driver.CChromeDriver
Capabilities [{applicationCacheEnabled=false, rotatable=false, mobileEmulationEnabled=false, networkConnectionEnabled=false, chrome={chromedriverVersion=2.33.506120 (e3e53437346286c0bc2d2dc9aa4915ba81d9023f), userDataDir=C:\Users\ranjs1\AppData\Local\Temp\scoped_dir1116_2757}, takesHeapSnapshot=true, pageLoadStrategy=normal, databaseEnabled=false, handlesAlerts=true, hasTouchScreen=false, version=62.0.3202.75, platform=XP, browserConnectionEnabled=false, nativeEvents=true, acceptSslCerts=true, locationContextEnabled=true, webStorageEnabled=true, browserName=chrome, takesScreenshot=true, javascriptEnabled=true, cssSelectorsEnabled=true, setWindowRect=true, unexpectedAlertBehaviour=}]
Session ID: 46205116960e2ca5fdc23d375bebfd28)
[[ATTACHMENT|C:\\Users\\ranjs1\\Katalon Studio\\COE\\Reports\\BID\\BEP\\20171106_131505\\1509954466865.png]]

2017-11-06 13:17:47 - [MESSAGE][FAILED] - Unable to upload file 'C:\EStimate.xlsm' to object 'Object Repository/input_PpyWorkPageppyFilePath' (Root cause: org.openqa.selenium.WebDriverException: invalid argument: File not found : C:\EStimate.xlsm
  (Session info: chrome=62.0.3202.75)
  (Driver info: chromedriver=2.33.506120 (e3e53437346286c0bc2d2dc9aa4915ba81d9023f),platform=Windows NT 10.0.15063 x86_64) (WARNING: The server did not provide any stacktrace information)
Command duration or timeout: 19 milliseconds
Build info: version: '2.53.0', revision: '35ae25b', time: '2016-03-15 17:00:58'
System info: host: 'L23967WIN', ip: '10.150.105.6', os.name: 'Windows 10', os.arch: 'amd64', os.version: '10.0', java.version: '1.8.0_102'
Driver info: com.kms.katalon.selenium.driver.CChromeDriver
Capabilities [{applicationCacheEnabled=false, rotatable=false, mobileEmulationEnabled=false, networkConnectionEnabled=false, chrome={chromedriverVersion=2.33.506120 (e3e53437346286c0bc2d2dc9aa4915ba81d9023f), userDataDir=C:\Users\ranjs1\AppData\Local\Temp\scoped_dir1116_2757}, takesHeapSnapshot=true, pageLoadStrategy=normal, databaseEnabled=false, handlesAlerts=true, hasTouchScreen=false, version=62.0.3202.75, platform=XP, browserConnectionEnabled=false, nativeEvents=true, acceptSslCerts=true, locationContextEnabled=true, webStorageEnabled=true, browserName=chrome, takesScreenshot=true, javascriptEnabled=true, cssSelectorsEnabled=true, setWindowRect=true, unexpectedAlertBehaviour=}]
Session ID: 46205116960e2ca5fdc23d375bebfd28)

2017-11-06 13:17:47 - [MESSAGE][FAILED] - Unable to call Test Case with id 'Test Cases/BEP/TC_Create_BEP_EmailOutput' (Root cause: Call Test Case 'Test Cases/BEP/TC_Create_BEP_EmailOutput' failed)]]></system-out>
         <system-err><![CDATA[2017-11-06 13:17:18 - [TEST_CASE][FAILED] - Test Cases/BEP/TC_CreateBEP_EmailOutput_SkipEmail_NOECR: Test Cases/BEP/TC_CreateBEP_EmailOutput_SkipEmail_NOECR FAILED because (of) Unable to upload file 'C:\EStimate.xlsm' to object 'Object Repository/input_PpyWorkPageppyFilePath' (Root cause: org.openqa.selenium.WebDriverException: invalid argument: File not found : C:\EStimate.xlsm
  (Session info: chrome=62.0.3202.75)
  (Driver info: chromedriver=2.33.506120 (e3e53437346286c0bc2d2dc9aa4915ba81d9023f),platform=Windows NT 10.0.15063 x86_64) (WARNING: The server did not provide any stacktrace information)
Command duration or timeout: 19 milliseconds
Build info: version: '2.53.0', revision: '35ae25b', time: '2016-03-15 17:00:58'
System info: host: 'L23967WIN', ip: '10.150.105.6', os.name: 'Windows 10', os.arch: 'amd64', os.version: '10.0', java.version: '1.8.0_102'
Driver info: com.kms.katalon.selenium.driver.CChromeDriver
Capabilities [{applicationCacheEnabled=false, rotatable=false, mobileEmulationEnabled=false, networkConnectionEnabled=false, chrome={chromedriverVersion=2.33.506120 (e3e53437346286c0bc2d2dc9aa4915ba81d9023f), userDataDir=C:\Users\ranjs1\AppData\Local\Temp\scoped_dir1116_2757}, takesHeapSnapshot=true, pageLoadStrategy=normal, databaseEnabled=false, handlesAlerts=true, hasTouchScreen=false, version=62.0.3202.75, platform=XP, browserConnectionEnabled=false, nativeEvents=true, acceptSslCerts=true, locationContextEnabled=true, webStorageEnabled=true, browserName=chrome, takesScreenshot=true, javascriptEnabled=true, cssSelectorsEnabled=true, setWindowRect=true, unexpectedAlertBehaviour=}]
Session ID: 46205116960e2ca5fdc23d375bebfd28)]]></system-err>
      </testcase>
      <testcase name="Test Cases/BEP/TC_CreateBEP_NoroutingToRL" classname="Test Cases/BEP/TC_CreateBEP_NoroutingToRL" status="FAILED">
         <failure type="FAILED" message="Unable to upload file 'C:\EStimate.xlsm' to object 'Object Repository/input_PpyWorkPageppyFilePath' (Root cause: org.openqa.selenium.WebDriverException: invalid argument: File not found : C:\EStimate.xlsm
  (Session info: chrome=62.0.3202.75)
  (Driver info: chromedriver=2.33.506120 (e3e53437346286c0bc2d2dc9aa4915ba81d9023f),platform=Windows NT 10.0.15063 x86_64) (WARNING: The server did not provide any stacktrace information)
Command duration or timeout: 18 milliseconds
Build info: version: '2.53.0', revision: '35ae25b', time: '2016-03-15 17:00:58'
System info: host: 'L23967WIN', ip: '10.150.105.6', os.name: 'Windows 10', os.arch: 'amd64', os.version: '10.0', java.version: '1.8.0_102'
Driver info: com.kms.katalon.selenium.driver.CChromeDriver
Capabilities [{applicationCacheEnabled=false, rotatable=false, mobileEmulationEnabled=false, networkConnectionEnabled=false, chrome={chromedriverVersion=2.33.506120 (e3e53437346286c0bc2d2dc9aa4915ba81d9023f), userDataDir=C:\Users\ranjs1\AppData\Local\Temp\scoped_dir14660_5268}, takesHeapSnapshot=true, pageLoadStrategy=normal, databaseEnabled=false, handlesAlerts=true, hasTouchScreen=false, version=62.0.3202.75, platform=XP, browserConnectionEnabled=false, nativeEvents=true, acceptSslCerts=true, locationContextEnabled=true, webStorageEnabled=true, browserName=chrome, takesScreenshot=true, javascriptEnabled=true, cssSelectorsEnabled=true, setWindowRect=true, unexpectedAlertBehaviour=}]
Session ID: 6c847624e009ea59f5712b931686ab64)"/>
         <system-out><![CDATA[2017-11-06 13:17:47 - [TEST_CASE][FAILED] - Test Cases/BEP/TC_CreateBEP_NoroutingToRL: Test Cases/BEP/TC_CreateBEP_NoroutingToRL FAILED because (of) Unable to upload file 'C:\EStimate.xlsm' to object 'Object Repository/input_PpyWorkPageppyFilePath' (Root cause: org.openqa.selenium.WebDriverException: invalid argument: File not found : C:\EStimate.xlsm
  (Session info: chrome=62.0.3202.75)
  (Driver info: chromedriver=2.33.506120 (e3e53437346286c0bc2d2dc9aa4915ba81d9023f),platform=Windows NT 10.0.15063 x86_64) (WARNING: The server did not provide any stacktrace information)
Command duration or timeout: 18 milliseconds
Build info: version: '2.53.0', revision: '35ae25b', time: '2016-03-15 17:00:58'
System info: host: 'L23967WIN', ip: '10.150.105.6', os.name: 'Windows 10', os.arch: 'amd64', os.version: '10.0', java.version: '1.8.0_102'
Driver info: com.kms.katalon.selenium.driver.CChromeDriver
Capabilities [{applicationCacheEnabled=false, rotatable=false, mobileEmulationEnabled=false, networkConnectionEnabled=false, chrome={chromedriverVersion=2.33.506120 (e3e53437346286c0bc2d2dc9aa4915ba81d9023f), userDataDir=C:\Users\ranjs1\AppData\Local\Temp\scoped_dir14660_5268}, takesHeapSnapshot=true, pageLoadStrategy=normal, databaseEnabled=false, handlesAlerts=true, hasTouchScreen=false, version=62.0.3202.75, platform=XP, browserConnectionEnabled=false, nativeEvents=true, acceptSslCerts=true, locationContextEnabled=true, webStorageEnabled=true, browserName=chrome, takesScreenshot=true, javascriptEnabled=true, cssSelectorsEnabled=true, setWindowRect=true, unexpectedAlertBehaviour=}]
Session ID: 6c847624e009ea59f5712b931686ab64)

2017-11-06 13:17:47 - [TEST_STEP][FAILED] - callTestCase: Unable to call Test Case with id 'Test Cases/BEP/TC_Create_BEP_NoOutput' (Root cause: Call Test Case 'Test Cases/BEP/TC_Create_BEP_NoOutput' failed)

2017-11-06 13:17:47 - [TEST_CASE][FAILED] - Test Cases/BEP/TC_Create_BEP_NoOutput: Test Cases/BEP/TC_Create_BEP_NoOutput FAILED because (of) Unable to upload file 'C:\EStimate.xlsm' to object 'Object Repository/input_PpyWorkPageppyFilePath' (Root cause: org.openqa.selenium.WebDriverException: invalid argument: File not found : C:\EStimate.xlsm
  (Session info: chrome=62.0.3202.75)
  (Driver info: chromedriver=2.33.506120 (e3e53437346286c0bc2d2dc9aa4915ba81d9023f),platform=Windows NT 10.0.15063 x86_64) (WARNING: The server did not provide any stacktrace information)
Command duration or timeout: 18 milliseconds
Build info: version: '2.53.0', revision: '35ae25b', time: '2016-03-15 17:00:58'
System info: host: 'L23967WIN', ip: '10.150.105.6', os.name: 'Windows 10', os.arch: 'amd64', os.version: '10.0', java.version: '1.8.0_102'
Driver info: com.kms.katalon.selenium.driver.CChromeDriver
Capabilities [{applicationCacheEnabled=false, rotatable=false, mobileEmulationEnabled=false, networkConnectionEnabled=false, chrome={chromedriverVersion=2.33.506120 (e3e53437346286c0bc2d2dc9aa4915ba81d9023f), userDataDir=C:\Users\ranjs1\AppData\Local\Temp\scoped_dir14660_5268}, takesHeapSnapshot=true, pageLoadStrategy=normal, databaseEnabled=false, handlesAlerts=true, hasTouchScreen=false, version=62.0.3202.75, platform=XP, browserConnectionEnabled=false, nativeEvents=true, acceptSslCerts=true, locationContextEnabled=true, webStorageEnabled=true, browserName=chrome, takesScreenshot=true, javascriptEnabled=true, cssSelectorsEnabled=true, setWindowRect=true, unexpectedAlertBehaviour=}]
Session ID: 6c847624e009ea59f5712b931686ab64)

2017-11-06 13:17:47 - [TEST_STEP][PASSED] - com.helper.commonfunct.utilities.login: com.helper.commonfunct.utilities.login is PASSED

2017-11-06 13:17:47 - [MESSAGE][WARNING] - A browser is already opened. Closing browser and opening a new one

2017-11-06 13:17:50 - [MESSAGE][PASSED] - Browser is opened with url: ''

2017-11-06 13:17:53 - [MESSAGE][PASSED] - Navigate to 'http://vtcpqa2:9685/tcpqa/PRServlet' successfully

2017-11-06 13:17:53 - [MESSAGE][PASSED] - Text 'hendj@pegasystems.com' is set on object 'Object Repository/input_UserIdentifier'

2017-11-06 13:17:53 - [MESSAGE][PASSED] - Text 'install' is set on object 'Object Repository/input_Password'

2017-11-06 13:18:02 - [MESSAGE][PASSED] - Keys '' sent to object: 'Object Repository/input_Password'

2017-11-06 13:18:02 - [MESSAGE][PASSED] - com.helper.commonfunct.utilities.login is PASSED

2017-11-06 13:18:02 - [TEST_STEP][FAILED] - com.helper.commonfunct.BEP_CommonMethod.EstimateNoOutput: Unable to upload file 'C:\EStimate.xlsm' to object 'Object Repository/input_PpyWorkPageppyFilePath' (Root cause: org.openqa.selenium.WebDriverException: invalid argument: File not found : C:\EStimate.xlsm
  (Session info: chrome=62.0.3202.75)
  (Driver info: chromedriver=2.33.506120 (e3e53437346286c0bc2d2dc9aa4915ba81d9023f),platform=Windows NT 10.0.15063 x86_64) (WARNING: The server did not provide any stacktrace information)
Command duration or timeout: 18 milliseconds
Build info: version: '2.53.0', revision: '35ae25b', time: '2016-03-15 17:00:58'
System info: host: 'L23967WIN', ip: '10.150.105.6', os.name: 'Windows 10', os.arch: 'amd64', os.version: '10.0', java.version: '1.8.0_102'
Driver info: com.kms.katalon.selenium.driver.CChromeDriver
Capabilities [{applicationCacheEnabled=false, rotatable=false, mobileEmulationEnabled=false, networkConnectionEnabled=false, chrome={chromedriverVersion=2.33.506120 (e3e53437346286c0bc2d2dc9aa4915ba81d9023f), userDataDir=C:\Users\ranjs1\AppData\Local\Temp\scoped_dir14660_5268}, takesHeapSnapshot=true, pageLoadStrategy=normal, databaseEnabled=false, handlesAlerts=true, hasTouchScreen=false, version=62.0.3202.75, platform=XP, browserConnectionEnabled=false, nativeEvents=true, acceptSslCerts=true, locationContextEnabled=true, webStorageEnabled=true, browserName=chrome, takesScreenshot=true, javascriptEnabled=true, cssSelectorsEnabled=true, setWindowRect=true, unexpectedAlertBehaviour=}]
Session ID: 6c847624e009ea59f5712b931686ab64)

2017-11-06 13:18:02 - [MESSAGE][PASSED] - Object: 'Object Repository/Generic/a_Actions' is clicked on

2017-11-06 13:18:04 - [MESSAGE][PASSED] - Object: 'Object Repository/span_New' is focused

2017-11-06 13:18:07 - [MESSAGE][PASSED] - Object: 'Object Repository/BEP/EstimateLink' is clicked on

2017-11-06 13:18:12 - [MESSAGE][PASSED] - Delayed 5 second(s)

2017-11-06 13:18:12 - [MESSAGE][WARNING] - Timeout '0' is invalid. Using default page load timeout: '30'

2017-11-06 13:18:12 - [MESSAGE][PASSED] - Object 'Object Repository/BEP/import' is visible

2017-11-06 13:18:13 - [MESSAGE][PASSED] - Object: 'Object Repository/BEP/import' is clicked on

2017-11-06 13:18:18 - [MESSAGE][PASSED] - Delayed 5 second(s)

2017-11-06 13:18:18 - [MESSAGE][FAILED] - Unable to upload file 'C:\EStimate.xlsm' to object 'Object Repository/input_PpyWorkPageppyFilePath' (Root cause: org.openqa.selenium.WebDriverException: invalid argument: File not found : C:\EStimate.xlsm
  (Session info: chrome=62.0.3202.75)
  (Driver info: chromedriver=2.33.506120 (e3e53437346286c0bc2d2dc9aa4915ba81d9023f),platform=Windows NT 10.0.15063 x86_64) (WARNING: The server did not provide any stacktrace information)
Command duration or timeout: 18 milliseconds
Build info: version: '2.53.0', revision: '35ae25b', time: '2016-03-15 17:00:58'
System info: host: 'L23967WIN', ip: '10.150.105.6', os.name: 'Windows 10', os.arch: 'amd64', os.version: '10.0', java.version: '1.8.0_102'
Driver info: com.kms.katalon.selenium.driver.CChromeDriver
Capabilities [{applicationCacheEnabled=false, rotatable=false, mobileEmulationEnabled=false, networkConnectionEnabled=false, chrome={chromedriverVersion=2.33.506120 (e3e53437346286c0bc2d2dc9aa4915ba81d9023f), userDataDir=C:\Users\ranjs1\AppData\Local\Temp\scoped_dir14660_5268}, takesHeapSnapshot=true, pageLoadStrategy=normal, databaseEnabled=false, handlesAlerts=true, hasTouchScreen=false, version=62.0.3202.75, platform=XP, browserConnectionEnabled=false, nativeEvents=true, acceptSslCerts=true, locationContextEnabled=true, webStorageEnabled=true, browserName=chrome, takesScreenshot=true, javascriptEnabled=true, cssSelectorsEnabled=true, setWindowRect=true, unexpectedAlertBehaviour=}]
Session ID: 6c847624e009ea59f5712b931686ab64)
[[ATTACHMENT|C:\\Users\\ranjs1\\Katalon Studio\\COE\\Reports\\BID\\BEP\\20171106_131505\\1509954498203.png]]

2017-11-06 13:18:18 - [MESSAGE][FAILED] - Unable to upload file 'C:\EStimate.xlsm' to object 'Object Repository/input_PpyWorkPageppyFilePath' (Root cause: org.openqa.selenium.WebDriverException: invalid argument: File not found : C:\EStimate.xlsm
  (Session info: chrome=62.0.3202.75)
  (Driver info: chromedriver=2.33.506120 (e3e53437346286c0bc2d2dc9aa4915ba81d9023f),platform=Windows NT 10.0.15063 x86_64) (WARNING: The server did not provide any stacktrace information)
Command duration or timeout: 18 milliseconds
Build info: version: '2.53.0', revision: '35ae25b', time: '2016-03-15 17:00:58'
System info: host: 'L23967WIN', ip: '10.150.105.6', os.name: 'Windows 10', os.arch: 'amd64', os.version: '10.0', java.version: '1.8.0_102'
Driver info: com.kms.katalon.selenium.driver.CChromeDriver
Capabilities [{applicationCacheEnabled=false, rotatable=false, mobileEmulationEnabled=false, networkConnectionEnabled=false, chrome={chromedriverVersion=2.33.506120 (e3e53437346286c0bc2d2dc9aa4915ba81d9023f), userDataDir=C:\Users\ranjs1\AppData\Local\Temp\scoped_dir14660_5268}, takesHeapSnapshot=true, pageLoadStrategy=normal, databaseEnabled=false, handlesAlerts=true, hasTouchScreen=false, version=62.0.3202.75, platform=XP, browserConnectionEnabled=false, nativeEvents=true, acceptSslCerts=true, locationContextEnabled=true, webStorageEnabled=true, browserName=chrome, takesScreenshot=true, javascriptEnabled=true, cssSelectorsEnabled=true, setWindowRect=true, unexpectedAlertBehaviour=}]
Session ID: 6c847624e009ea59f5712b931686ab64)

2017-11-06 13:18:18 - [MESSAGE][FAILED] - Unable to call Test Case with id 'Test Cases/BEP/TC_Create_BEP_NoOutput' (Root cause: Call Test Case 'Test Cases/BEP/TC_Create_BEP_NoOutput' failed)]]></system-out>
         <system-err><![CDATA[2017-11-06 13:17:47 - [TEST_CASE][FAILED] - Test Cases/BEP/TC_CreateBEP_NoroutingToRL: Test Cases/BEP/TC_CreateBEP_NoroutingToRL FAILED because (of) Unable to upload file 'C:\EStimate.xlsm' to object 'Object Repository/input_PpyWorkPageppyFilePath' (Root cause: org.openqa.selenium.WebDriverException: invalid argument: File not found : C:\EStimate.xlsm
  (Session info: chrome=62.0.3202.75)
  (Driver info: chromedriver=2.33.506120 (e3e53437346286c0bc2d2dc9aa4915ba81d9023f),platform=Windows NT 10.0.15063 x86_64) (WARNING: The server did not provide any stacktrace information)
Command duration or timeout: 18 milliseconds
Build info: version: '2.53.0', revision: '35ae25b', time: '2016-03-15 17:00:58'
System info: host: 'L23967WIN', ip: '10.150.105.6', os.name: 'Windows 10', os.arch: 'amd64', os.version: '10.0', java.version: '1.8.0_102'
Driver info: com.kms.katalon.selenium.driver.CChromeDriver
Capabilities [{applicationCacheEnabled=false, rotatable=false, mobileEmulationEnabled=false, networkConnectionEnabled=false, chrome={chromedriverVersion=2.33.506120 (e3e53437346286c0bc2d2dc9aa4915ba81d9023f), userDataDir=C:\Users\ranjs1\AppData\Local\Temp\scoped_dir14660_5268}, takesHeapSnapshot=true, pageLoadStrategy=normal, databaseEnabled=false, handlesAlerts=true, hasTouchScreen=false, version=62.0.3202.75, platform=XP, browserConnectionEnabled=false, nativeEvents=true, acceptSslCerts=true, locationContextEnabled=true, webStorageEnabled=true, browserName=chrome, takesScreenshot=true, javascriptEnabled=true, cssSelectorsEnabled=true, setWindowRect=true, unexpectedAlertBehaviour=}]
Session ID: 6c847624e009ea59f5712b931686ab64)]]></system-err>
      </testcase>
      <testcase name="Test Cases/BEP/TC_Create_BEP_EmailOutput" classname="Test Cases/BEP/TC_Create_BEP_EmailOutput" status="FAILED">
         <failure type="FAILED" message="Unable to upload file 'C:\EStimate.xlsm' to object 'Object Repository/input_PpyWorkPageppyFilePath' (Root cause: org.openqa.selenium.WebDriverException: invalid argument: File not found : C:\EStimate.xlsm
  (Session info: chrome=62.0.3202.75)
  (Driver info: chromedriver=2.33.506120 (e3e53437346286c0bc2d2dc9aa4915ba81d9023f),platform=Windows NT 10.0.15063 x86_64) (WARNING: The server did not provide any stacktrace information)
Command duration or timeout: 129 milliseconds
Build info: version: '2.53.0', revision: '35ae25b', time: '2016-03-15 17:00:58'
System info: host: 'L23967WIN', ip: '10.150.105.6', os.name: 'Windows 10', os.arch: 'amd64', os.version: '10.0', java.version: '1.8.0_102'
Driver info: com.kms.katalon.selenium.driver.CChromeDriver
Capabilities [{applicationCacheEnabled=false, rotatable=false, mobileEmulationEnabled=false, networkConnectionEnabled=false, chrome={chromedriverVersion=2.33.506120 (e3e53437346286c0bc2d2dc9aa4915ba81d9023f), userDataDir=C:\Users\ranjs1\AppData\Local\Temp\scoped_dir12496_16607}, takesHeapSnapshot=true, pageLoadStrategy=normal, databaseEnabled=false, handlesAlerts=true, hasTouchScreen=false, version=62.0.3202.75, platform=XP, browserConnectionEnabled=false, nativeEvents=true, acceptSslCerts=true, locationContextEnabled=true, webStorageEnabled=true, browserName=chrome, takesScreenshot=true, javascriptEnabled=true, cssSelectorsEnabled=true, setWindowRect=true, unexpectedAlertBehaviour=}]
Session ID: cae80514825b9315de3b748c29494d49)"/>
         <system-out><![CDATA[2017-11-06 13:18:18 - [TEST_CASE][FAILED] - Test Cases/BEP/TC_Create_BEP_EmailOutput: Test Cases/BEP/TC_Create_BEP_EmailOutput FAILED because (of) Unable to upload file 'C:\EStimate.xlsm' to object 'Object Repository/input_PpyWorkPageppyFilePath' (Root cause: org.openqa.selenium.WebDriverException: invalid argument: File not found : C:\EStimate.xlsm
  (Session info: chrome=62.0.3202.75)
  (Driver info: chromedriver=2.33.506120 (e3e53437346286c0bc2d2dc9aa4915ba81d9023f),platform=Windows NT 10.0.15063 x86_64) (WARNING: The server did not provide any stacktrace information)
Command duration or timeout: 129 milliseconds
Build info: version: '2.53.0', revision: '35ae25b', time: '2016-03-15 17:00:58'
System info: host: 'L23967WIN', ip: '10.150.105.6', os.name: 'Windows 10', os.arch: 'amd64', os.version: '10.0', java.version: '1.8.0_102'
Driver info: com.kms.katalon.selenium.driver.CChromeDriver
Capabilities [{applicationCacheEnabled=false, rotatable=false, mobileEmulationEnabled=false, networkConnectionEnabled=false, chrome={chromedriverVersion=2.33.506120 (e3e53437346286c0bc2d2dc9aa4915ba81d9023f), userDataDir=C:\Users\ranjs1\AppData\Local\Temp\scoped_dir12496_16607}, takesHeapSnapshot=true, pageLoadStrategy=normal, databaseEnabled=false, handlesAlerts=true, hasTouchScreen=false, version=62.0.3202.75, platform=XP, browserConnectionEnabled=false, nativeEvents=true, acceptSslCerts=true, locationContextEnabled=true, webStorageEnabled=true, browserName=chrome, takesScreenshot=true, javascriptEnabled=true, cssSelectorsEnabled=true, setWindowRect=true, unexpectedAlertBehaviour=}]
Session ID: cae80514825b9315de3b748c29494d49)

2017-11-06 13:18:18 - [TEST_STEP][PASSED] - com.helper.commonfunct.utilities.login: com.helper.commonfunct.utilities.login is PASSED

2017-11-06 13:18:18 - [MESSAGE][WARNING] - A browser is already opened. Closing browser and opening a new one

2017-11-06 13:18:21 - [MESSAGE][PASSED] - Browser is opened with url: ''

2017-11-06 13:18:24 - [MESSAGE][PASSED] - Navigate to 'http://vtcpqa2:9685/tcpqa/PRServlet' successfully

2017-11-06 13:18:24 - [MESSAGE][PASSED] - Text 'hendj@pegasystems.com' is set on object 'Object Repository/input_UserIdentifier'

2017-11-06 13:18:24 - [MESSAGE][PASSED] - Text 'install' is set on object 'Object Repository/input_Password'

2017-11-06 13:18:32 - [MESSAGE][PASSED] - Keys '' sent to object: 'Object Repository/input_Password'

2017-11-06 13:18:32 - [MESSAGE][PASSED] - com.helper.commonfunct.utilities.login is PASSED

2017-11-06 13:18:32 - [TEST_STEP][FAILED] - com.helper.commonfunct.BEP_CommonMethod.EstimateEmailOutput: Unable to upload file 'C:\EStimate.xlsm' to object 'Object Repository/input_PpyWorkPageppyFilePath' (Root cause: org.openqa.selenium.WebDriverException: invalid argument: File not found : C:\EStimate.xlsm
  (Session info: chrome=62.0.3202.75)
  (Driver info: chromedriver=2.33.506120 (e3e53437346286c0bc2d2dc9aa4915ba81d9023f),platform=Windows NT 10.0.15063 x86_64) (WARNING: The server did not provide any stacktrace information)
Command duration or timeout: 129 milliseconds
Build info: version: '2.53.0', revision: '35ae25b', time: '2016-03-15 17:00:58'
System info: host: 'L23967WIN', ip: '10.150.105.6', os.name: 'Windows 10', os.arch: 'amd64', os.version: '10.0', java.version: '1.8.0_102'
Driver info: com.kms.katalon.selenium.driver.CChromeDriver
Capabilities [{applicationCacheEnabled=false, rotatable=false, mobileEmulationEnabled=false, networkConnectionEnabled=false, chrome={chromedriverVersion=2.33.506120 (e3e53437346286c0bc2d2dc9aa4915ba81d9023f), userDataDir=C:\Users\ranjs1\AppData\Local\Temp\scoped_dir12496_16607}, takesHeapSnapshot=true, pageLoadStrategy=normal, databaseEnabled=false, handlesAlerts=true, hasTouchScreen=false, version=62.0.3202.75, platform=XP, browserConnectionEnabled=false, nativeEvents=true, acceptSslCerts=true, locationContextEnabled=true, webStorageEnabled=true, browserName=chrome, takesScreenshot=true, javascriptEnabled=true, cssSelectorsEnabled=true, setWindowRect=true, unexpectedAlertBehaviour=}]
Session ID: cae80514825b9315de3b748c29494d49)

2017-11-06 13:18:37 - [MESSAGE][PASSED] - Object: 'Object Repository/Generic/a_Actions' is clicked on

2017-11-06 13:18:44 - [MESSAGE][PASSED] - Object: 'Object Repository/span_New' is focused

2017-11-06 13:18:53 - [MESSAGE][PASSED] - Object: 'Object Repository/BEP/EstimateLink' is clicked on

2017-11-06 13:18:58 - [MESSAGE][PASSED] - Delayed 5 second(s)

2017-11-06 13:18:58 - [MESSAGE][WARNING] - Timeout '0' is invalid. Using default page load timeout: '30'

2017-11-06 13:18:58 - [MESSAGE][PASSED] - Object 'Object Repository/BEP/import' is visible

2017-11-06 13:19:03 - [MESSAGE][PASSED] - Object: 'Object Repository/BEP/import' is clicked on

2017-11-06 13:19:08 - [MESSAGE][PASSED] - Delayed 5 second(s)

2017-11-06 13:19:09 - [MESSAGE][FAILED] - Unable to upload file 'C:\EStimate.xlsm' to object 'Object Repository/input_PpyWorkPageppyFilePath' (Root cause: org.openqa.selenium.WebDriverException: invalid argument: File not found : C:\EStimate.xlsm
  (Session info: chrome=62.0.3202.75)
  (Driver info: chromedriver=2.33.506120 (e3e53437346286c0bc2d2dc9aa4915ba81d9023f),platform=Windows NT 10.0.15063 x86_64) (WARNING: The server did not provide any stacktrace information)
Command duration or timeout: 129 milliseconds
Build info: version: '2.53.0', revision: '35ae25b', time: '2016-03-15 17:00:58'
System info: host: 'L23967WIN', ip: '10.150.105.6', os.name: 'Windows 10', os.arch: 'amd64', os.version: '10.0', java.version: '1.8.0_102'
Driver info: com.kms.katalon.selenium.driver.CChromeDriver
Capabilities [{applicationCacheEnabled=false, rotatable=false, mobileEmulationEnabled=false, networkConnectionEnabled=false, chrome={chromedriverVersion=2.33.506120 (e3e53437346286c0bc2d2dc9aa4915ba81d9023f), userDataDir=C:\Users\ranjs1\AppData\Local\Temp\scoped_dir12496_16607}, takesHeapSnapshot=true, pageLoadStrategy=normal, databaseEnabled=false, handlesAlerts=true, hasTouchScreen=false, version=62.0.3202.75, platform=XP, browserConnectionEnabled=false, nativeEvents=true, acceptSslCerts=true, locationContextEnabled=true, webStorageEnabled=true, browserName=chrome, takesScreenshot=true, javascriptEnabled=true, cssSelectorsEnabled=true, setWindowRect=true, unexpectedAlertBehaviour=}]
Session ID: cae80514825b9315de3b748c29494d49)
[[ATTACHMENT|C:\\Users\\ranjs1\\Katalon Studio\\COE\\Reports\\BID\\BEP\\20171106_131505\\1509954548928.png]]

2017-11-06 13:19:09 - [MESSAGE][FAILED] - Unable to upload file 'C:\EStimate.xlsm' to object 'Object Repository/input_PpyWorkPageppyFilePath' (Root cause: org.openqa.selenium.WebDriverException: invalid argument: File not found : C:\EStimate.xlsm
  (Session info: chrome=62.0.3202.75)
  (Driver info: chromedriver=2.33.506120 (e3e53437346286c0bc2d2dc9aa4915ba81d9023f),platform=Windows NT 10.0.15063 x86_64) (WARNING: The server did not provide any stacktrace information)
Command duration or timeout: 129 milliseconds
Build info: version: '2.53.0', revision: '35ae25b', time: '2016-03-15 17:00:58'
System info: host: 'L23967WIN', ip: '10.150.105.6', os.name: 'Windows 10', os.arch: 'amd64', os.version: '10.0', java.version: '1.8.0_102'
Driver info: com.kms.katalon.selenium.driver.CChromeDriver
Capabilities [{applicationCacheEnabled=false, rotatable=false, mobileEmulationEnabled=false, networkConnectionEnabled=false, chrome={chromedriverVersion=2.33.506120 (e3e53437346286c0bc2d2dc9aa4915ba81d9023f), userDataDir=C:\Users\ranjs1\AppData\Local\Temp\scoped_dir12496_16607}, takesHeapSnapshot=true, pageLoadStrategy=normal, databaseEnabled=false, handlesAlerts=true, hasTouchScreen=false, version=62.0.3202.75, platform=XP, browserConnectionEnabled=false, nativeEvents=true, acceptSslCerts=true, locationContextEnabled=true, webStorageEnabled=true, browserName=chrome, takesScreenshot=true, javascriptEnabled=true, cssSelectorsEnabled=true, setWindowRect=true, unexpectedAlertBehaviour=}]
Session ID: cae80514825b9315de3b748c29494d49)]]></system-out>
         <system-err><![CDATA[2017-11-06 13:18:18 - [TEST_CASE][FAILED] - Test Cases/BEP/TC_Create_BEP_EmailOutput: Test Cases/BEP/TC_Create_BEP_EmailOutput FAILED because (of) Unable to upload file 'C:\EStimate.xlsm' to object 'Object Repository/input_PpyWorkPageppyFilePath' (Root cause: org.openqa.selenium.WebDriverException: invalid argument: File not found : C:\EStimate.xlsm
  (Session info: chrome=62.0.3202.75)
  (Driver info: chromedriver=2.33.506120 (e3e53437346286c0bc2d2dc9aa4915ba81d9023f),platform=Windows NT 10.0.15063 x86_64) (WARNING: The server did not provide any stacktrace information)
Command duration or timeout: 129 milliseconds
Build info: version: '2.53.0', revision: '35ae25b', time: '2016-03-15 17:00:58'
System info: host: 'L23967WIN', ip: '10.150.105.6', os.name: 'Windows 10', os.arch: 'amd64', os.version: '10.0', java.version: '1.8.0_102'
Driver info: com.kms.katalon.selenium.driver.CChromeDriver
Capabilities [{applicationCacheEnabled=false, rotatable=false, mobileEmulationEnabled=false, networkConnectionEnabled=false, chrome={chromedriverVersion=2.33.506120 (e3e53437346286c0bc2d2dc9aa4915ba81d9023f), userDataDir=C:\Users\ranjs1\AppData\Local\Temp\scoped_dir12496_16607}, takesHeapSnapshot=true, pageLoadStrategy=normal, databaseEnabled=false, handlesAlerts=true, hasTouchScreen=false, version=62.0.3202.75, platform=XP, browserConnectionEnabled=false, nativeEvents=true, acceptSslCerts=true, locationContextEnabled=true, webStorageEnabled=true, browserName=chrome, takesScreenshot=true, javascriptEnabled=true, cssSelectorsEnabled=true, setWindowRect=true, unexpectedAlertBehaviour=}]
Session ID: cae80514825b9315de3b748c29494d49)]]></system-err>
      </testcase>
      <testcase name="Test Cases/BEP/TC_Create_BEP_NoOutput" classname="Test Cases/BEP/TC_Create_BEP_NoOutput" status="FAILED">
         <failure type="FAILED" message="Unable to upload file 'C:\EStimate.xlsm' to object 'Object Repository/input_PpyWorkPageppyFilePath' (Root cause: org.openqa.selenium.WebDriverException: invalid argument: File not found : C:\EStimate.xlsm
  (Session info: chrome=62.0.3202.75)
  (Driver info: chromedriver=2.33.506120 (e3e53437346286c0bc2d2dc9aa4915ba81d9023f),platform=Windows NT 10.0.15063 x86_64) (WARNING: The server did not provide any stacktrace information)
Command duration or timeout: 17 milliseconds
Build info: version: '2.53.0', revision: '35ae25b', time: '2016-03-15 17:00:58'
System info: host: 'L23967WIN', ip: '10.150.105.6', os.name: 'Windows 10', os.arch: 'amd64', os.version: '10.0', java.version: '1.8.0_102'
Driver info: com.kms.katalon.selenium.driver.CChromeDriver
Capabilities [{applicationCacheEnabled=false, rotatable=false, mobileEmulationEnabled=false, networkConnectionEnabled=false, chrome={chromedriverVersion=2.33.506120 (e3e53437346286c0bc2d2dc9aa4915ba81d9023f), userDataDir=C:\Users\ranjs1\AppData\Local\Temp\scoped_dir16020_27028}, takesHeapSnapshot=true, pageLoadStrategy=normal, databaseEnabled=false, handlesAlerts=true, hasTouchScreen=false, version=62.0.3202.75, platform=XP, browserConnectionEnabled=false, nativeEvents=true, acceptSslCerts=true, locationContextEnabled=true, webStorageEnabled=true, browserName=chrome, takesScreenshot=true, javascriptEnabled=true, cssSelectorsEnabled=true, setWindowRect=true, unexpectedAlertBehaviour=}]
Session ID: d0631a0a667638ae0c6fc3b7ac301d25)"/>
         <system-out><![CDATA[2017-11-06 13:19:09 - [TEST_CASE][FAILED] - Test Cases/BEP/TC_Create_BEP_NoOutput: Test Cases/BEP/TC_Create_BEP_NoOutput FAILED because (of) Unable to upload file 'C:\EStimate.xlsm' to object 'Object Repository/input_PpyWorkPageppyFilePath' (Root cause: org.openqa.selenium.WebDriverException: invalid argument: File not found : C:\EStimate.xlsm
  (Session info: chrome=62.0.3202.75)
  (Driver info: chromedriver=2.33.506120 (e3e53437346286c0bc2d2dc9aa4915ba81d9023f),platform=Windows NT 10.0.15063 x86_64) (WARNING: The server did not provide any stacktrace information)
Command duration or timeout: 17 milliseconds
Build info: version: '2.53.0', revision: '35ae25b', time: '2016-03-15 17:00:58'
System info: host: 'L23967WIN', ip: '10.150.105.6', os.name: 'Windows 10', os.arch: 'amd64', os.version: '10.0', java.version: '1.8.0_102'
Driver info: com.kms.katalon.selenium.driver.CChromeDriver
Capabilities [{applicationCacheEnabled=false, rotatable=false, mobileEmulationEnabled=false, networkConnectionEnabled=false, chrome={chromedriverVersion=2.33.506120 (e3e53437346286c0bc2d2dc9aa4915ba81d9023f), userDataDir=C:\Users\ranjs1\AppData\Local\Temp\scoped_dir16020_27028}, takesHeapSnapshot=true, pageLoadStrategy=normal, databaseEnabled=false, handlesAlerts=true, hasTouchScreen=false, version=62.0.3202.75, platform=XP, browserConnectionEnabled=false, nativeEvents=true, acceptSslCerts=true, locationContextEnabled=true, webStorageEnabled=true, browserName=chrome, takesScreenshot=true, javascriptEnabled=true, cssSelectorsEnabled=true, setWindowRect=true, unexpectedAlertBehaviour=}]
Session ID: d0631a0a667638ae0c6fc3b7ac301d25)

2017-11-06 13:19:09 - [TEST_STEP][PASSED] - com.helper.commonfunct.utilities.login: com.helper.commonfunct.utilities.login is PASSED

2017-11-06 13:19:09 - [MESSAGE][WARNING] - A browser is already opened. Closing browser and opening a new one

2017-11-06 13:19:13 - [MESSAGE][PASSED] - Browser is opened with url: ''

2017-11-06 13:19:15 - [MESSAGE][PASSED] - Navigate to 'http://vtcpqa2:9685/tcpqa/PRServlet' successfully

2017-11-06 13:19:15 - [MESSAGE][PASSED] - Text 'hendj@pegasystems.com' is set on object 'Object Repository/input_UserIdentifier'

2017-11-06 13:19:16 - [MESSAGE][PASSED] - Text 'install' is set on object 'Object Repository/input_Password'

2017-11-06 13:19:23 - [MESSAGE][PASSED] - Keys '' sent to object: 'Object Repository/input_Password'

2017-11-06 13:19:23 - [MESSAGE][PASSED] - com.helper.commonfunct.utilities.login is PASSED

2017-11-06 13:19:23 - [TEST_STEP][FAILED] - com.helper.commonfunct.BEP_CommonMethod.EstimateNoOutput: Unable to upload file 'C:\EStimate.xlsm' to object 'Object Repository/input_PpyWorkPageppyFilePath' (Root cause: org.openqa.selenium.WebDriverException: invalid argument: File not found : C:\EStimate.xlsm
  (Session info: chrome=62.0.3202.75)
  (Driver info: chromedriver=2.33.506120 (e3e53437346286c0bc2d2dc9aa4915ba81d9023f),platform=Windows NT 10.0.15063 x86_64) (WARNING: The server did not provide any stacktrace information)
Command duration or timeout: 17 milliseconds
Build info: version: '2.53.0', revision: '35ae25b', time: '2016-03-15 17:00:58'
System info: host: 'L23967WIN', ip: '10.150.105.6', os.name: 'Windows 10', os.arch: 'amd64', os.version: '10.0', java.version: '1.8.0_102'
Driver info: com.kms.katalon.selenium.driver.CChromeDriver
Capabilities [{applicationCacheEnabled=false, rotatable=false, mobileEmulationEnabled=false, networkConnectionEnabled=false, chrome={chromedriverVersion=2.33.506120 (e3e53437346286c0bc2d2dc9aa4915ba81d9023f), userDataDir=C:\Users\ranjs1\AppData\Local\Temp\scoped_dir16020_27028}, takesHeapSnapshot=true, pageLoadStrategy=normal, databaseEnabled=false, handlesAlerts=true, hasTouchScreen=false, version=62.0.3202.75, platform=XP, browserConnectionEnabled=false, nativeEvents=true, acceptSslCerts=true, locationContextEnabled=true, webStorageEnabled=true, browserName=chrome, takesScreenshot=true, javascriptEnabled=true, cssSelectorsEnabled=true, setWindowRect=true, unexpectedAlertBehaviour=}]
Session ID: d0631a0a667638ae0c6fc3b7ac301d25)

2017-11-06 13:19:24 - [MESSAGE][PASSED] - Object: 'Object Repository/Generic/a_Actions' is clicked on

2017-11-06 13:19:25 - [MESSAGE][PASSED] - Object: 'Object Repository/span_New' is focused

2017-11-06 13:19:30 - [MESSAGE][PASSED] - Object: 'Object Repository/BEP/EstimateLink' is clicked on

2017-11-06 13:19:35 - [MESSAGE][PASSED] - Delayed 5 second(s)

2017-11-06 13:19:35 - [MESSAGE][WARNING] - Timeout '0' is invalid. Using default page load timeout: '30'

2017-11-06 13:19:35 - [MESSAGE][PASSED] - Object 'Object Repository/BEP/import' is visible

2017-11-06 13:19:36 - [MESSAGE][PASSED] - Object: 'Object Repository/BEP/import' is clicked on

2017-11-06 13:19:41 - [MESSAGE][PASSED] - Delayed 5 second(s)

2017-11-06 13:19:41 - [MESSAGE][FAILED] - Unable to upload file 'C:\EStimate.xlsm' to object 'Object Repository/input_PpyWorkPageppyFilePath' (Root cause: org.openqa.selenium.WebDriverException: invalid argument: File not found : C:\EStimate.xlsm
  (Session info: chrome=62.0.3202.75)
  (Driver info: chromedriver=2.33.506120 (e3e53437346286c0bc2d2dc9aa4915ba81d9023f),platform=Windows NT 10.0.15063 x86_64) (WARNING: The server did not provide any stacktrace information)
Command duration or timeout: 17 milliseconds
Build info: version: '2.53.0', revision: '35ae25b', time: '2016-03-15 17:00:58'
System info: host: 'L23967WIN', ip: '10.150.105.6', os.name: 'Windows 10', os.arch: 'amd64', os.version: '10.0', java.version: '1.8.0_102'
Driver info: com.kms.katalon.selenium.driver.CChromeDriver
Capabilities [{applicationCacheEnabled=false, rotatable=false, mobileEmulationEnabled=false, networkConnectionEnabled=false, chrome={chromedriverVersion=2.33.506120 (e3e53437346286c0bc2d2dc9aa4915ba81d9023f), userDataDir=C:\Users\ranjs1\AppData\Local\Temp\scoped_dir16020_27028}, takesHeapSnapshot=true, pageLoadStrategy=normal, databaseEnabled=false, handlesAlerts=true, hasTouchScreen=false, version=62.0.3202.75, platform=XP, browserConnectionEnabled=false, nativeEvents=true, acceptSslCerts=true, locationContextEnabled=true, webStorageEnabled=true, browserName=chrome, takesScreenshot=true, javascriptEnabled=true, cssSelectorsEnabled=true, setWindowRect=true, unexpectedAlertBehaviour=}]
Session ID: d0631a0a667638ae0c6fc3b7ac301d25)
[[ATTACHMENT|C:\\Users\\ranjs1\\Katalon Studio\\COE\\Reports\\BID\\BEP\\20171106_131505\\1509954581233.png]]

2017-11-06 13:19:41 - [MESSAGE][FAILED] - Unable to upload file 'C:\EStimate.xlsm' to object 'Object Repository/input_PpyWorkPageppyFilePath' (Root cause: org.openqa.selenium.WebDriverException: invalid argument: File not found : C:\EStimate.xlsm
  (Session info: chrome=62.0.3202.75)
  (Driver info: chromedriver=2.33.506120 (e3e53437346286c0bc2d2dc9aa4915ba81d9023f),platform=Windows NT 10.0.15063 x86_64) (WARNING: The server did not provide any stacktrace information)
Command duration or timeout: 17 milliseconds
Build info: version: '2.53.0', revision: '35ae25b', time: '2016-03-15 17:00:58'
System info: host: 'L23967WIN', ip: '10.150.105.6', os.name: 'Windows 10', os.arch: 'amd64', os.version: '10.0', java.version: '1.8.0_102'
Driver info: com.kms.katalon.selenium.driver.CChromeDriver
Capabilities [{applicationCacheEnabled=false, rotatable=false, mobileEmulationEnabled=false, networkConnectionEnabled=false, chrome={chromedriverVersion=2.33.506120 (e3e53437346286c0bc2d2dc9aa4915ba81d9023f), userDataDir=C:\Users\ranjs1\AppData\Local\Temp\scoped_dir16020_27028}, takesHeapSnapshot=true, pageLoadStrategy=normal, databaseEnabled=false, handlesAlerts=true, hasTouchScreen=false, version=62.0.3202.75, platform=XP, browserConnectionEnabled=false, nativeEvents=true, acceptSslCerts=true, locationContextEnabled=true, webStorageEnabled=true, browserName=chrome, takesScreenshot=true, javascriptEnabled=true, cssSelectorsEnabled=true, setWindowRect=true, unexpectedAlertBehaviour=}]
Session ID: d0631a0a667638ae0c6fc3b7ac301d25)]]></system-out>
         <system-err><![CDATA[2017-11-06 13:19:09 - [TEST_CASE][FAILED] - Test Cases/BEP/TC_Create_BEP_NoOutput: Test Cases/BEP/TC_Create_BEP_NoOutput FAILED because (of) Unable to upload file 'C:\EStimate.xlsm' to object 'Object Repository/input_PpyWorkPageppyFilePath' (Root cause: org.openqa.selenium.WebDriverException: invalid argument: File not found : C:\EStimate.xlsm
  (Session info: chrome=62.0.3202.75)
  (Driver info: chromedriver=2.33.506120 (e3e53437346286c0bc2d2dc9aa4915ba81d9023f),platform=Windows NT 10.0.15063 x86_64) (WARNING: The server did not provide any stacktrace information)
Command duration or timeout: 17 milliseconds
Build info: version: '2.53.0', revision: '35ae25b', time: '2016-03-15 17:00:58'
System info: host: 'L23967WIN', ip: '10.150.105.6', os.name: 'Windows 10', os.arch: 'amd64', os.version: '10.0', java.version: '1.8.0_102'
Driver info: com.kms.katalon.selenium.driver.CChromeDriver
Capabilities [{applicationCacheEnabled=false, rotatable=false, mobileEmulationEnabled=false, networkConnectionEnabled=false, chrome={chromedriverVersion=2.33.506120 (e3e53437346286c0bc2d2dc9aa4915ba81d9023f), userDataDir=C:\Users\ranjs1\AppData\Local\Temp\scoped_dir16020_27028}, takesHeapSnapshot=true, pageLoadStrategy=normal, databaseEnabled=false, handlesAlerts=true, hasTouchScreen=false, version=62.0.3202.75, platform=XP, browserConnectionEnabled=false, nativeEvents=true, acceptSslCerts=true, locationContextEnabled=true, webStorageEnabled=true, browserName=chrome, takesScreenshot=true, javascriptEnabled=true, cssSelectorsEnabled=true, setWindowRect=true, unexpectedAlertBehaviour=}]
Session ID: d0631a0a667638ae0c6fc3b7ac301d25)]]></system-err>
      </testcase>
      <testcase name="Test Cases/BEP/TC_RD_RL_Reject" classname="Test Cases/BEP/TC_RD_RL_Reject" status="FAILED">
         <failure type="FAILED" message="Unable to set text 'install' of object 'Object Repository/input_Password' (Root cause: java.lang.NullPointerException)"/>
         <system-out><![CDATA[2017-11-06 13:19:41 - [TEST_CASE][FAILED] - Test Cases/BEP/TC_RD_RL_Reject: Test Cases/BEP/TC_RD_RL_Reject FAILED because (of) Unable to set text 'install' of object 'Object Repository/input_Password' (Root cause: java.lang.NullPointerException)

2017-11-06 13:19:41 - [TEST_STEP][FAILED] - callTestCase: Unable to call Test Case with id 'Test Cases/BEP/TC_Create_BEP_NoOutput' (Root cause: Call Test Case 'Test Cases/BEP/TC_Create_BEP_NoOutput' failed)

2017-11-06 13:19:41 - [TEST_CASE][FAILED] - Test Cases/BEP/TC_Create_BEP_NoOutput: Test Cases/BEP/TC_Create_BEP_NoOutput FAILED because (of) Unable to set text 'install' of object 'Object Repository/input_Password' (Root cause: java.lang.NullPointerException)

2017-11-06 13:19:41 - [TEST_STEP][FAILED] - com.helper.commonfunct.utilities.login: Unable to set text 'install' of object 'Object Repository/input_Password' (Root cause: java.lang.NullPointerException)

2017-11-06 13:19:41 - [MESSAGE][WARNING] - A browser is already opened. Closing browser and opening a new one

2017-11-06 13:19:45 - [MESSAGE][PASSED] - Browser is opened with url: ''

2017-11-06 13:19:47 - [MESSAGE][PASSED] - Navigate to 'http://vtcpqa2:9685/tcpqa/PRServlet' successfully

2017-11-06 13:19:47 - [MESSAGE][PASSED] - Text 'hendj@pegasystems.com' is set on object 'Object Repository/input_UserIdentifier'

2017-11-06 13:19:47 - [MESSAGE][WARNING] - Cannot take screenshot

2017-11-06 13:19:47 - [MESSAGE][FAILED] - Unable to set text 'install' of object 'Object Repository/input_Password' (Root cause: java.lang.NullPointerException)

2017-11-06 13:19:47 - [MESSAGE][FAILED] - Unable to set text 'install' of object 'Object Repository/input_Password' (Root cause: java.lang.NullPointerException)

2017-11-06 13:19:47 - [MESSAGE][FAILED] - Unable to call Test Case with id 'Test Cases/BEP/TC_Create_BEP_NoOutput' (Root cause: Call Test Case 'Test Cases/BEP/TC_Create_BEP_NoOutput' failed)]]></system-out>
         <system-err><![CDATA[2017-11-06 13:19:41 - [TEST_CASE][FAILED] - Test Cases/BEP/TC_RD_RL_Reject: Test Cases/BEP/TC_RD_RL_Reject FAILED because (of) Unable to set text 'install' of object 'Object Repository/input_Password' (Root cause: java.lang.NullPointerException)]]></system-err>
      </testcase>
      <testcase name="Test Cases/BEP/TC_RLMeetingRequest_CancelMeeting" classname="Test Cases/BEP/TC_RLMeetingRequest_CancelMeeting" status="FAILED">
         <failure type="FAILED" message="Unable to set text 'hendj@pegasystems.com' of object 'Object Repository/input_UserIdentifier' (Root cause: org.openqa.selenium.NoSuchWindowException: no such window: target window already closed
from unknown error: web view not found
  (Session info: chrome=62.0.3202.75)
  (Driver info: chromedriver=2.33.506120 (e3e53437346286c0bc2d2dc9aa4915ba81d9023f),platform=Windows NT 10.0.15063 x86_64) (WARNING: The server did not provide any stacktrace information)
Command duration or timeout: 24 milliseconds
Build info: version: '2.53.0', revision: '35ae25b', time: '2016-03-15 17:00:58'
System info: host: 'L23967WIN', ip: '10.150.105.6', os.name: 'Windows 10', os.arch: 'amd64', os.version: '10.0', java.version: '1.8.0_102'
Driver info: com.kms.katalon.selenium.driver.CChromeDriver
Capabilities [{applicationCacheEnabled=false, rotatable=false, mobileEmulationEnabled=false, networkConnectionEnabled=false, chrome={chromedriverVersion=2.33.506120 (e3e53437346286c0bc2d2dc9aa4915ba81d9023f), userDataDir=C:\Users\ranjs1\AppData\Local\Temp\scoped_dir7708_14964}, takesHeapSnapshot=true, pageLoadStrategy=normal, databaseEnabled=false, handlesAlerts=true, hasTouchScreen=false, version=62.0.3202.75, platform=XP, browserConnectionEnabled=false, nativeEvents=true, acceptSslCerts=true, locationContextEnabled=true, webStorageEnabled=true, browserName=chrome, takesScreenshot=true, javascriptEnabled=true, cssSelectorsEnabled=true, setWindowRect=true, unexpectedAlertBehaviour=}]
Session ID: 8e50b90d3de04c747a2ea4838575ee80
*** Element info: {Using=xpath, value=//input[count(. | //*[@name = 'UserIdentifier']) = count(//*[@name = 'UserIdentifier'])][count(. | //*[@id = 'txtUserID']) = count(//*[@id = 'txtUserID'])][count(. | //*[@placeholder = 'User name']) = count(//*[@placeholder = 'User name'])][count(. | //*[@type = 'text']) = count(//*[@type = 'text'])]})"/>
         <system-out><![CDATA[2017-11-06 13:19:48 - [TEST_CASE][FAILED] - Test Cases/BEP/TC_RLMeetingRequest_CancelMeeting: Test Cases/BEP/TC_RLMeetingRequest_CancelMeeting FAILED because (of) Unable to set text 'hendj@pegasystems.com' of object 'Object Repository/input_UserIdentifier' (Root cause: org.openqa.selenium.NoSuchWindowException: no such window: target window already closed
from unknown error: web view not found
  (Session info: chrome=62.0.3202.75)
  (Driver info: chromedriver=2.33.506120 (e3e53437346286c0bc2d2dc9aa4915ba81d9023f),platform=Windows NT 10.0.15063 x86_64) (WARNING: The server did not provide any stacktrace information)
Command duration or timeout: 24 milliseconds
Build info: version: '2.53.0', revision: '35ae25b', time: '2016-03-15 17:00:58'
System info: host: 'L23967WIN', ip: '10.150.105.6', os.name: 'Windows 10', os.arch: 'amd64', os.version: '10.0', java.version: '1.8.0_102'
Driver info: com.kms.katalon.selenium.driver.CChromeDriver
Capabilities [{applicationCacheEnabled=false, rotatable=false, mobileEmulationEnabled=false, networkConnectionEnabled=false, chrome={chromedriverVersion=2.33.506120 (e3e53437346286c0bc2d2dc9aa4915ba81d9023f), userDataDir=C:\Users\ranjs1\AppData\Local\Temp\scoped_dir7708_14964}, takesHeapSnapshot=true, pageLoadStrategy=normal, databaseEnabled=false, handlesAlerts=true, hasTouchScreen=false, version=62.0.3202.75, platform=XP, browserConnectionEnabled=false, nativeEvents=true, acceptSslCerts=true, locationContextEnabled=true, webStorageEnabled=true, browserName=chrome, takesScreenshot=true, javascriptEnabled=true, cssSelectorsEnabled=true, setWindowRect=true, unexpectedAlertBehaviour=}]
Session ID: 8e50b90d3de04c747a2ea4838575ee80
*** Element info: {Using=xpath, value=//input[count(. | //*[@name = 'UserIdentifier']) = count(//*[@name = 'UserIdentifier'])][count(. | //*[@id = 'txtUserID']) = count(//*[@id = 'txtUserID'])][count(. | //*[@placeholder = 'User name']) = count(//*[@placeholder = 'User name'])][count(. | //*[@type = 'text']) = count(//*[@type = 'text'])]})

2017-11-06 13:19:48 - [TEST_STEP][FAILED] - callTestCase: Unable to call Test Case with id 'Test Cases/BEP/TC_Create_BEP_NoOutput' (Root cause: Call Test Case 'Test Cases/BEP/TC_Create_BEP_NoOutput' failed)

2017-11-06 13:19:48 - [TEST_CASE][FAILED] - Test Cases/BEP/TC_Create_BEP_NoOutput: Test Cases/BEP/TC_Create_BEP_NoOutput FAILED because (of) Unable to set text 'hendj@pegasystems.com' of object 'Object Repository/input_UserIdentifier' (Root cause: org.openqa.selenium.NoSuchWindowException: no such window: target window already closed
from unknown error: web view not found
  (Session info: chrome=62.0.3202.75)
  (Driver info: chromedriver=2.33.506120 (e3e53437346286c0bc2d2dc9aa4915ba81d9023f),platform=Windows NT 10.0.15063 x86_64) (WARNING: The server did not provide any stacktrace information)
Command duration or timeout: 24 milliseconds
Build info: version: '2.53.0', revision: '35ae25b', time: '2016-03-15 17:00:58'
System info: host: 'L23967WIN', ip: '10.150.105.6', os.name: 'Windows 10', os.arch: 'amd64', os.version: '10.0', java.version: '1.8.0_102'
Driver info: com.kms.katalon.selenium.driver.CChromeDriver
Capabilities [{applicationCacheEnabled=false, rotatable=false, mobileEmulationEnabled=false, networkConnectionEnabled=false, chrome={chromedriverVersion=2.33.506120 (e3e53437346286c0bc2d2dc9aa4915ba81d9023f), userDataDir=C:\Users\ranjs1\AppData\Local\Temp\scoped_dir7708_14964}, takesHeapSnapshot=true, pageLoadStrategy=normal, databaseEnabled=false, handlesAlerts=true, hasTouchScreen=false, version=62.0.3202.75, platform=XP, browserConnectionEnabled=false, nativeEvents=true, acceptSslCerts=true, locationContextEnabled=true, webStorageEnabled=true, browserName=chrome, takesScreenshot=true, javascriptEnabled=true, cssSelectorsEnabled=true, setWindowRect=true, unexpectedAlertBehaviour=}]
Session ID: 8e50b90d3de04c747a2ea4838575ee80
*** Element info: {Using=xpath, value=//input[count(. | //*[@name = 'UserIdentifier']) = count(//*[@name = 'UserIdentifier'])][count(. | //*[@id = 'txtUserID']) = count(//*[@id = 'txtUserID'])][count(. | //*[@placeholder = 'User name']) = count(//*[@placeholder = 'User name'])][count(. | //*[@type = 'text']) = count(//*[@type = 'text'])]})

2017-11-06 13:19:48 - [TEST_STEP][FAILED] - com.helper.commonfunct.utilities.login: Unable to set text 'hendj@pegasystems.com' of object 'Object Repository/input_UserIdentifier' (Root cause: org.openqa.selenium.NoSuchWindowException: no such window: target window already closed
from unknown error: web view not found
  (Session info: chrome=62.0.3202.75)
  (Driver info: chromedriver=2.33.506120 (e3e53437346286c0bc2d2dc9aa4915ba81d9023f),platform=Windows NT 10.0.15063 x86_64) (WARNING: The server did not provide any stacktrace information)
Command duration or timeout: 24 milliseconds
Build info: version: '2.53.0', revision: '35ae25b', time: '2016-03-15 17:00:58'
System info: host: 'L23967WIN', ip: '10.150.105.6', os.name: 'Windows 10', os.arch: 'amd64', os.version: '10.0', java.version: '1.8.0_102'
Driver info: com.kms.katalon.selenium.driver.CChromeDriver
Capabilities [{applicationCacheEnabled=false, rotatable=false, mobileEmulationEnabled=false, networkConnectionEnabled=false, chrome={chromedriverVersion=2.33.506120 (e3e53437346286c0bc2d2dc9aa4915ba81d9023f), userDataDir=C:\Users\ranjs1\AppData\Local\Temp\scoped_dir7708_14964}, takesHeapSnapshot=true, pageLoadStrategy=normal, databaseEnabled=false, handlesAlerts=true, hasTouchScreen=false, version=62.0.3202.75, platform=XP, browserConnectionEnabled=false, nativeEvents=true, acceptSslCerts=true, locationContextEnabled=true, webStorageEnabled=true, browserName=chrome, takesScreenshot=true, javascriptEnabled=true, cssSelectorsEnabled=true, setWindowRect=true, unexpectedAlertBehaviour=}]
Session ID: 8e50b90d3de04c747a2ea4838575ee80
*** Element info: {Using=xpath, value=//input[count(. | //*[@name = 'UserIdentifier']) = count(//*[@name = 'UserIdentifier'])][count(. | //*[@id = 'txtUserID']) = count(//*[@id = 'txtUserID'])][count(. | //*[@placeholder = 'User name']) = count(//*[@placeholder = 'User name'])][count(. | //*[@type = 'text']) = count(//*[@type = 'text'])]})

2017-11-06 13:19:48 - [MESSAGE][WARNING] - A browser is already opened. Closing browser and opening a new one

2017-11-06 13:19:51 - [MESSAGE][PASSED] - Browser is opened with url: ''

2017-11-06 13:19:51 - [MESSAGE][PASSED] - Navigate to 'http://vtcpqa2:9685/tcpqa/PRServlet' successfully

2017-11-06 13:19:51 - [MESSAGE][WARNING] - Cannot take screenshot

2017-11-06 13:19:51 - [MESSAGE][FAILED] - Unable to set text 'hendj@pegasystems.com' of object 'Object Repository/input_UserIdentifier' (Root cause: org.openqa.selenium.NoSuchWindowException: no such window: target window already closed
from unknown error: web view not found
  (Session info: chrome=62.0.3202.75)
  (Driver info: chromedriver=2.33.506120 (e3e53437346286c0bc2d2dc9aa4915ba81d9023f),platform=Windows NT 10.0.15063 x86_64) (WARNING: The server did not provide any stacktrace information)
Command duration or timeout: 24 milliseconds
Build info: version: '2.53.0', revision: '35ae25b', time: '2016-03-15 17:00:58'
System info: host: 'L23967WIN', ip: '10.150.105.6', os.name: 'Windows 10', os.arch: 'amd64', os.version: '10.0', java.version: '1.8.0_102'
Driver info: com.kms.katalon.selenium.driver.CChromeDriver
Capabilities [{applicationCacheEnabled=false, rotatable=false, mobileEmulationEnabled=false, networkConnectionEnabled=false, chrome={chromedriverVersion=2.33.506120 (e3e53437346286c0bc2d2dc9aa4915ba81d9023f), userDataDir=C:\Users\ranjs1\AppData\Local\Temp\scoped_dir7708_14964}, takesHeapSnapshot=true, pageLoadStrategy=normal, databaseEnabled=false, handlesAlerts=true, hasTouchScreen=false, version=62.0.3202.75, platform=XP, browserConnectionEnabled=false, nativeEvents=true, acceptSslCerts=true, locationContextEnabled=true, webStorageEnabled=true, browserName=chrome, takesScreenshot=true, javascriptEnabled=true, cssSelectorsEnabled=true, setWindowRect=true, unexpectedAlertBehaviour=}]
Session ID: 8e50b90d3de04c747a2ea4838575ee80
*** Element info: {Using=xpath, value=//input[count(. | //*[@name = 'UserIdentifier']) = count(//*[@name = 'UserIdentifier'])][count(. | //*[@id = 'txtUserID']) = count(//*[@id = 'txtUserID'])][count(. | //*[@placeholder = 'User name']) = count(//*[@placeholder = 'User name'])][count(. | //*[@type = 'text']) = count(//*[@type = 'text'])]})

2017-11-06 13:19:51 - [MESSAGE][FAILED] - Unable to set text 'hendj@pegasystems.com' of object 'Object Repository/input_UserIdentifier' (Root cause: org.openqa.selenium.NoSuchWindowException: no such window: target window already closed
from unknown error: web view not found
  (Session info: chrome=62.0.3202.75)
  (Driver info: chromedriver=2.33.506120 (e3e53437346286c0bc2d2dc9aa4915ba81d9023f),platform=Windows NT 10.0.15063 x86_64) (WARNING: The server did not provide any stacktrace information)
Command duration or timeout: 24 milliseconds
Build info: version: '2.53.0', revision: '35ae25b', time: '2016-03-15 17:00:58'
System info: host: 'L23967WIN', ip: '10.150.105.6', os.name: 'Windows 10', os.arch: 'amd64', os.version: '10.0', java.version: '1.8.0_102'
Driver info: com.kms.katalon.selenium.driver.CChromeDriver
Capabilities [{applicationCacheEnabled=false, rotatable=false, mobileEmulationEnabled=false, networkConnectionEnabled=false, chrome={chromedriverVersion=2.33.506120 (e3e53437346286c0bc2d2dc9aa4915ba81d9023f), userDataDir=C:\Users\ranjs1\AppData\Local\Temp\scoped_dir7708_14964}, takesHeapSnapshot=true, pageLoadStrategy=normal, databaseEnabled=false, handlesAlerts=true, hasTouchScreen=false, version=62.0.3202.75, platform=XP, browserConnectionEnabled=false, nativeEvents=true, acceptSslCerts=true, locationContextEnabled=true, webStorageEnabled=true, browserName=chrome, takesScreenshot=true, javascriptEnabled=true, cssSelectorsEnabled=true, setWindowRect=true, unexpectedAlertBehaviour=}]
Session ID: 8e50b90d3de04c747a2ea4838575ee80
*** Element info: {Using=xpath, value=//input[count(. | //*[@name = 'UserIdentifier']) = count(//*[@name = 'UserIdentifier'])][count(. | //*[@id = 'txtUserID']) = count(//*[@id = 'txtUserID'])][count(. | //*[@placeholder = 'User name']) = count(//*[@placeholder = 'User name'])][count(. | //*[@type = 'text']) = count(//*[@type = 'text'])]})

2017-11-06 13:19:51 - [MESSAGE][FAILED] - Unable to call Test Case with id 'Test Cases/BEP/TC_Create_BEP_NoOutput' (Root cause: Call Test Case 'Test Cases/BEP/TC_Create_BEP_NoOutput' failed)]]></system-out>
         <system-err><![CDATA[2017-11-06 13:19:48 - [TEST_CASE][FAILED] - Test Cases/BEP/TC_RLMeetingRequest_CancelMeeting: Test Cases/BEP/TC_RLMeetingRequest_CancelMeeting FAILED because (of) Unable to set text 'hendj@pegasystems.com' of object 'Object Repository/input_UserIdentifier' (Root cause: org.openqa.selenium.NoSuchWindowException: no such window: target window already closed
from unknown error: web view not found
  (Session info: chrome=62.0.3202.75)
  (Driver info: chromedriver=2.33.506120 (e3e53437346286c0bc2d2dc9aa4915ba81d9023f),platform=Windows NT 10.0.15063 x86_64) (WARNING: The server did not provide any stacktrace information)
Command duration or timeout: 24 milliseconds
Build info: version: '2.53.0', revision: '35ae25b', time: '2016-03-15 17:00:58'
System info: host: 'L23967WIN', ip: '10.150.105.6', os.name: 'Windows 10', os.arch: 'amd64', os.version: '10.0', java.version: '1.8.0_102'
Driver info: com.kms.katalon.selenium.driver.CChromeDriver
Capabilities [{applicationCacheEnabled=false, rotatable=false, mobileEmulationEnabled=false, networkConnectionEnabled=false, chrome={chromedriverVersion=2.33.506120 (e3e53437346286c0bc2d2dc9aa4915ba81d9023f), userDataDir=C:\Users\ranjs1\AppData\Local\Temp\scoped_dir7708_14964}, takesHeapSnapshot=true, pageLoadStrategy=normal, databaseEnabled=false, handlesAlerts=true, hasTouchScreen=false, version=62.0.3202.75, platform=XP, browserConnectionEnabled=false, nativeEvents=true, acceptSslCerts=true, locationContextEnabled=true, webStorageEnabled=true, browserName=chrome, takesScreenshot=true, javascriptEnabled=true, cssSelectorsEnabled=true, setWindowRect=true, unexpectedAlertBehaviour=}]
Session ID: 8e50b90d3de04c747a2ea4838575ee80
*** Element info: {Using=xpath, value=//input[count(. | //*[@name = 'UserIdentifier']) = count(//*[@name = 'UserIdentifier'])][count(. | //*[@id = 'txtUserID']) = count(//*[@id = 'txtUserID'])][count(. | //*[@placeholder = 'User name']) = count(//*[@placeholder = 'User name'])][count(. | //*[@type = 'text']) = count(//*[@type = 'text'])]})]]></system-err>
      </testcase>
      <testcase name="Test Cases/BEP/TC_Withdraw" classname="Test Cases/BEP/TC_Withdraw" status="FAILED">
         <failure type="FAILED" message="Unable to set text 'hendj@pegasystems.com' of object 'Object Repository/input_UserIdentifier' (Root cause: org.openqa.selenium.NoSuchWindowException: no such window: target window already closed
from unknown error: web view not found
  (Session info: chrome=62.0.3202.75)
  (Driver info: chromedriver=2.33.506120 (e3e53437346286c0bc2d2dc9aa4915ba81d9023f),platform=Windows NT 10.0.15063 x86_64) (WARNING: The server did not provide any stacktrace information)
Command duration or timeout: 7 milliseconds
Build info: version: '2.53.0', revision: '35ae25b', time: '2016-03-15 17:00:58'
System info: host: 'L23967WIN', ip: '10.150.105.6', os.name: 'Windows 10', os.arch: 'amd64', os.version: '10.0', java.version: '1.8.0_102'
Driver info: com.kms.katalon.selenium.driver.CChromeDriver
Capabilities [{applicationCacheEnabled=false, rotatable=false, mobileEmulationEnabled=false, networkConnectionEnabled=false, chrome={chromedriverVersion=2.33.506120 (e3e53437346286c0bc2d2dc9aa4915ba81d9023f), userDataDir=C:\Users\ranjs1\AppData\Local\Temp\scoped_dir14956_29416}, takesHeapSnapshot=true, pageLoadStrategy=normal, databaseEnabled=false, handlesAlerts=true, hasTouchScreen=false, version=62.0.3202.75, platform=XP, browserConnectionEnabled=false, nativeEvents=true, acceptSslCerts=true, locationContextEnabled=true, webStorageEnabled=true, browserName=chrome, takesScreenshot=true, javascriptEnabled=true, cssSelectorsEnabled=true, setWindowRect=true, unexpectedAlertBehaviour=}]
Session ID: 4069a67cf6a78cc391a4ed617793606a
*** Element info: {Using=xpath, value=//input[count(. | //*[@name = 'UserIdentifier']) = count(//*[@name = 'UserIdentifier'])][count(. | //*[@id = 'txtUserID']) = count(//*[@id = 'txtUserID'])][count(. | //*[@placeholder = 'User name']) = count(//*[@placeholder = 'User name'])][count(. | //*[@type = 'text']) = count(//*[@type = 'text'])]})"/>
         <system-out><![CDATA[2017-11-06 13:19:52 - [TEST_CASE][FAILED] - Test Cases/BEP/TC_Withdraw: Test Cases/BEP/TC_Withdraw FAILED because (of) Unable to set text 'hendj@pegasystems.com' of object 'Object Repository/input_UserIdentifier' (Root cause: org.openqa.selenium.NoSuchWindowException: no such window: target window already closed
from unknown error: web view not found
  (Session info: chrome=62.0.3202.75)
  (Driver info: chromedriver=2.33.506120 (e3e53437346286c0bc2d2dc9aa4915ba81d9023f),platform=Windows NT 10.0.15063 x86_64) (WARNING: The server did not provide any stacktrace information)
Command duration or timeout: 7 milliseconds
Build info: version: '2.53.0', revision: '35ae25b', time: '2016-03-15 17:00:58'
System info: host: 'L23967WIN', ip: '10.150.105.6', os.name: 'Windows 10', os.arch: 'amd64', os.version: '10.0', java.version: '1.8.0_102'
Driver info: com.kms.katalon.selenium.driver.CChromeDriver
Capabilities [{applicationCacheEnabled=false, rotatable=false, mobileEmulationEnabled=false, networkConnectionEnabled=false, chrome={chromedriverVersion=2.33.506120 (e3e53437346286c0bc2d2dc9aa4915ba81d9023f), userDataDir=C:\Users\ranjs1\AppData\Local\Temp\scoped_dir14956_29416}, takesHeapSnapshot=true, pageLoadStrategy=normal, databaseEnabled=false, handlesAlerts=true, hasTouchScreen=false, version=62.0.3202.75, platform=XP, browserConnectionEnabled=false, nativeEvents=true, acceptSslCerts=true, locationContextEnabled=true, webStorageEnabled=true, browserName=chrome, takesScreenshot=true, javascriptEnabled=true, cssSelectorsEnabled=true, setWindowRect=true, unexpectedAlertBehaviour=}]
Session ID: 4069a67cf6a78cc391a4ed617793606a
*** Element info: {Using=xpath, value=//input[count(. | //*[@name = 'UserIdentifier']) = count(//*[@name = 'UserIdentifier'])][count(. | //*[@id = 'txtUserID']) = count(//*[@id = 'txtUserID'])][count(. | //*[@placeholder = 'User name']) = count(//*[@placeholder = 'User name'])][count(. | //*[@type = 'text']) = count(//*[@type = 'text'])]})

2017-11-06 13:19:52 - [TEST_STEP][FAILED] - callTestCase: Unable to call Test Case with id 'Test Cases/BEP/TC_Create_BEP_NoOutput' (Root cause: Call Test Case 'Test Cases/BEP/TC_Create_BEP_NoOutput' failed)

2017-11-06 13:19:52 - [TEST_CASE][FAILED] - Test Cases/BEP/TC_Create_BEP_NoOutput: Test Cases/BEP/TC_Create_BEP_NoOutput FAILED because (of) Unable to set text 'hendj@pegasystems.com' of object 'Object Repository/input_UserIdentifier' (Root cause: org.openqa.selenium.NoSuchWindowException: no such window: target window already closed
from unknown error: web view not found
  (Session info: chrome=62.0.3202.75)
  (Driver info: chromedriver=2.33.506120 (e3e53437346286c0bc2d2dc9aa4915ba81d9023f),platform=Windows NT 10.0.15063 x86_64) (WARNING: The server did not provide any stacktrace information)
Command duration or timeout: 7 milliseconds
Build info: version: '2.53.0', revision: '35ae25b', time: '2016-03-15 17:00:58'
System info: host: 'L23967WIN', ip: '10.150.105.6', os.name: 'Windows 10', os.arch: 'amd64', os.version: '10.0', java.version: '1.8.0_102'
Driver info: com.kms.katalon.selenium.driver.CChromeDriver
Capabilities [{applicationCacheEnabled=false, rotatable=false, mobileEmulationEnabled=false, networkConnectionEnabled=false, chrome={chromedriverVersion=2.33.506120 (e3e53437346286c0bc2d2dc9aa4915ba81d9023f), userDataDir=C:\Users\ranjs1\AppData\Local\Temp\scoped_dir14956_29416}, takesHeapSnapshot=true, pageLoadStrategy=normal, databaseEnabled=false, handlesAlerts=true, hasTouchScreen=false, version=62.0.3202.75, platform=XP, browserConnectionEnabled=false, nativeEvents=true, acceptSslCerts=true, locationContextEnabled=true, webStorageEnabled=true, browserName=chrome, takesScreenshot=true, javascriptEnabled=true, cssSelectorsEnabled=true, setWindowRect=true, unexpectedAlertBehaviour=}]
Session ID: 4069a67cf6a78cc391a4ed617793606a
*** Element info: {Using=xpath, value=//input[count(. | //*[@name = 'UserIdentifier']) = count(//*[@name = 'UserIdentifier'])][count(. | //*[@id = 'txtUserID']) = count(//*[@id = 'txtUserID'])][count(. | //*[@placeholder = 'User name']) = count(//*[@placeholder = 'User name'])][count(. | //*[@type = 'text']) = count(//*[@type = 'text'])]})

2017-11-06 13:19:52 - [TEST_STEP][FAILED] - com.helper.commonfunct.utilities.login: Unable to set text 'hendj@pegasystems.com' of object 'Object Repository/input_UserIdentifier' (Root cause: org.openqa.selenium.NoSuchWindowException: no such window: target window already closed
from unknown error: web view not found
  (Session info: chrome=62.0.3202.75)
  (Driver info: chromedriver=2.33.506120 (e3e53437346286c0bc2d2dc9aa4915ba81d9023f),platform=Windows NT 10.0.15063 x86_64) (WARNING: The server did not provide any stacktrace information)
Command duration or timeout: 7 milliseconds
Build info: version: '2.53.0', revision: '35ae25b', time: '2016-03-15 17:00:58'
System info: host: 'L23967WIN', ip: '10.150.105.6', os.name: 'Windows 10', os.arch: 'amd64', os.version: '10.0', java.version: '1.8.0_102'
Driver info: com.kms.katalon.selenium.driver.CChromeDriver
Capabilities [{applicationCacheEnabled=false, rotatable=false, mobileEmulationEnabled=false, networkConnectionEnabled=false, chrome={chromedriverVersion=2.33.506120 (e3e53437346286c0bc2d2dc9aa4915ba81d9023f), userDataDir=C:\Users\ranjs1\AppData\Local\Temp\scoped_dir14956_29416}, takesHeapSnapshot=true, pageLoadStrategy=normal, databaseEnabled=false, handlesAlerts=true, hasTouchScreen=false, version=62.0.3202.75, platform=XP, browserConnectionEnabled=false, nativeEvents=true, acceptSslCerts=true, locationContextEnabled=true, webStorageEnabled=true, browserName=chrome, takesScreenshot=true, javascriptEnabled=true, cssSelectorsEnabled=true, setWindowRect=true, unexpectedAlertBehaviour=}]
Session ID: 4069a67cf6a78cc391a4ed617793606a
*** Element info: {Using=xpath, value=//input[count(. | //*[@name = 'UserIdentifier']) = count(//*[@name = 'UserIdentifier'])][count(. | //*[@id = 'txtUserID']) = count(//*[@id = 'txtUserID'])][count(. | //*[@placeholder = 'User name']) = count(//*[@placeholder = 'User name'])][count(. | //*[@type = 'text']) = count(//*[@type = 'text'])]})

2017-11-06 13:19:52 - [MESSAGE][WARNING] - A browser is already opened. Closing browser and opening a new one

2017-11-06 13:19:55 - [MESSAGE][PASSED] - Browser is opened with url: ''

2017-11-06 13:19:55 - [MESSAGE][PASSED] - Navigate to 'http://vtcpqa2:9685/tcpqa/PRServlet' successfully

2017-11-06 13:19:55 - [MESSAGE][WARNING] - Cannot take screenshot

2017-11-06 13:19:55 - [MESSAGE][FAILED] - Unable to set text 'hendj@pegasystems.com' of object 'Object Repository/input_UserIdentifier' (Root cause: org.openqa.selenium.NoSuchWindowException: no such window: target window already closed
from unknown error: web view not found
  (Session info: chrome=62.0.3202.75)
  (Driver info: chromedriver=2.33.506120 (e3e53437346286c0bc2d2dc9aa4915ba81d9023f),platform=Windows NT 10.0.15063 x86_64) (WARNING: The server did not provide any stacktrace information)
Command duration or timeout: 7 milliseconds
Build info: version: '2.53.0', revision: '35ae25b', time: '2016-03-15 17:00:58'
System info: host: 'L23967WIN', ip: '10.150.105.6', os.name: 'Windows 10', os.arch: 'amd64', os.version: '10.0', java.version: '1.8.0_102'
Driver info: com.kms.katalon.selenium.driver.CChromeDriver
Capabilities [{applicationCacheEnabled=false, rotatable=false, mobileEmulationEnabled=false, networkConnectionEnabled=false, chrome={chromedriverVersion=2.33.506120 (e3e53437346286c0bc2d2dc9aa4915ba81d9023f), userDataDir=C:\Users\ranjs1\AppData\Local\Temp\scoped_dir14956_29416}, takesHeapSnapshot=true, pageLoadStrategy=normal, databaseEnabled=false, handlesAlerts=true, hasTouchScreen=false, version=62.0.3202.75, platform=XP, browserConnectionEnabled=false, nativeEvents=true, acceptSslCerts=true, locationContextEnabled=true, webStorageEnabled=true, browserName=chrome, takesScreenshot=true, javascriptEnabled=true, cssSelectorsEnabled=true, setWindowRect=true, unexpectedAlertBehaviour=}]
Session ID: 4069a67cf6a78cc391a4ed617793606a
*** Element info: {Using=xpath, value=//input[count(. | //*[@name = 'UserIdentifier']) = count(//*[@name = 'UserIdentifier'])][count(. | //*[@id = 'txtUserID']) = count(//*[@id = 'txtUserID'])][count(. | //*[@placeholder = 'User name']) = count(//*[@placeholder = 'User name'])][count(. | //*[@type = 'text']) = count(//*[@type = 'text'])]})

2017-11-06 13:19:55 - [MESSAGE][FAILED] - Unable to set text 'hendj@pegasystems.com' of object 'Object Repository/input_UserIdentifier' (Root cause: org.openqa.selenium.NoSuchWindowException: no such window: target window already closed
from unknown error: web view not found
  (Session info: chrome=62.0.3202.75)
  (Driver info: chromedriver=2.33.506120 (e3e53437346286c0bc2d2dc9aa4915ba81d9023f),platform=Windows NT 10.0.15063 x86_64) (WARNING: The server did not provide any stacktrace information)
Command duration or timeout: 7 milliseconds
Build info: version: '2.53.0', revision: '35ae25b', time: '2016-03-15 17:00:58'
System info: host: 'L23967WIN', ip: '10.150.105.6', os.name: 'Windows 10', os.arch: 'amd64', os.version: '10.0', java.version: '1.8.0_102'
Driver info: com.kms.katalon.selenium.driver.CChromeDriver
Capabilities [{applicationCacheEnabled=false, rotatable=false, mobileEmulationEnabled=false, networkConnectionEnabled=false, chrome={chromedriverVersion=2.33.506120 (e3e53437346286c0bc2d2dc9aa4915ba81d9023f), userDataDir=C:\Users\ranjs1\AppData\Local\Temp\scoped_dir14956_29416}, takesHeapSnapshot=true, pageLoadStrategy=normal, databaseEnabled=false, handlesAlerts=true, hasTouchScreen=false, version=62.0.3202.75, platform=XP, browserConnectionEnabled=false, nativeEvents=true, acceptSslCerts=true, locationContextEnabled=true, webStorageEnabled=true, browserName=chrome, takesScreenshot=true, javascriptEnabled=true, cssSelectorsEnabled=true, setWindowRect=true, unexpectedAlertBehaviour=}]
Session ID: 4069a67cf6a78cc391a4ed617793606a
*** Element info: {Using=xpath, value=//input[count(. | //*[@name = 'UserIdentifier']) = count(//*[@name = 'UserIdentifier'])][count(. | //*[@id = 'txtUserID']) = count(//*[@id = 'txtUserID'])][count(. | //*[@placeholder = 'User name']) = count(//*[@placeholder = 'User name'])][count(. | //*[@type = 'text']) = count(//*[@type = 'text'])]})

2017-11-06 13:19:55 - [MESSAGE][FAILED] - Unable to call Test Case with id 'Test Cases/BEP/TC_Create_BEP_NoOutput' (Root cause: Call Test Case 'Test Cases/BEP/TC_Create_BEP_NoOutput' failed)]]></system-out>
         <system-err><![CDATA[2017-11-06 13:19:52 - [TEST_CASE][FAILED] - Test Cases/BEP/TC_Withdraw: Test Cases/BEP/TC_Withdraw FAILED because (of) Unable to set text 'hendj@pegasystems.com' of object 'Object Repository/input_UserIdentifier' (Root cause: org.openqa.selenium.NoSuchWindowException: no such window: target window already closed
from unknown error: web view not found
  (Session info: chrome=62.0.3202.75)
  (Driver info: chromedriver=2.33.506120 (e3e53437346286c0bc2d2dc9aa4915ba81d9023f),platform=Windows NT 10.0.15063 x86_64) (WARNING: The server did not provide any stacktrace information)
Command duration or timeout: 7 milliseconds
Build info: version: '2.53.0', revision: '35ae25b', time: '2016-03-15 17:00:58'
System info: host: 'L23967WIN', ip: '10.150.105.6', os.name: 'Windows 10', os.arch: 'amd64', os.version: '10.0', java.version: '1.8.0_102'
Driver info: com.kms.katalon.selenium.driver.CChromeDriver
Capabilities [{applicationCacheEnabled=false, rotatable=false, mobileEmulationEnabled=false, networkConnectionEnabled=false, chrome={chromedriverVersion=2.33.506120 (e3e53437346286c0bc2d2dc9aa4915ba81d9023f), userDataDir=C:\Users\ranjs1\AppData\Local\Temp\scoped_dir14956_29416}, takesHeapSnapshot=true, pageLoadStrategy=normal, databaseEnabled=false, handlesAlerts=true, hasTouchScreen=false, version=62.0.3202.75, platform=XP, browserConnectionEnabled=false, nativeEvents=true, acceptSslCerts=true, locationContextEnabled=true, webStorageEnabled=true, browserName=chrome, takesScreenshot=true, javascriptEnabled=true, cssSelectorsEnabled=true, setWindowRect=true, unexpectedAlertBehaviour=}]
Session ID: 4069a67cf6a78cc391a4ed617793606a
*** Element info: {Using=xpath, value=//input[count(. | //*[@name = 'UserIdentifier']) = count(//*[@name = 'UserIdentifier'])][count(. | //*[@id = 'txtUserID']) = count(//*[@id = 'txtUserID'])][count(. | //*[@placeholder = 'User name']) = count(//*[@placeholder = 'User name'])][count(. | //*[@type = 'text']) = count(//*[@type = 'text'])]})]]></system-err>
      </testcase>
      <system-out><![CDATA[2017-11-06 13:15:07 - [TEST_SUITE][FAILED] - BEP: Test Cases/BEP/TC_All_Recall FAILED because (of) Unable to upload file 'C:\EStimate.xlsm' to object 'Object Repository/input_PpyWorkPageppyFilePath' (Root cause: org.openqa.selenium.WebDriverException: invalid argument: File not found : C:\EStimate.xlsm
  (Session info: chrome=62.0.3202.75)
  (Driver info: chromedriver=2.33.506120 (e3e53437346286c0bc2d2dc9aa4915ba81d9023f),platform=Windows NT 10.0.15063 x86_64) (WARNING: The server did not provide any stacktrace information)
Command duration or timeout: 25 milliseconds
Build info: version: '2.53.0', revision: '35ae25b', time: '2016-03-15 17:00:58'
System info: host: 'L23967WIN', ip: '10.150.105.6', os.name: 'Windows 10', os.arch: 'amd64', os.version: '10.0', java.version: '1.8.0_102'
Driver info: com.kms.katalon.selenium.driver.CChromeDriver
Capabilities [{applicationCacheEnabled=false, rotatable=false, mobileEmulationEnabled=false, networkConnectionEnabled=false, chrome={chromedriverVersion=2.33.506120 (e3e53437346286c0bc2d2dc9aa4915ba81d9023f), userDataDir=C:\Users\ranjs1\AppData\Local\Temp\scoped_dir18324_18396}, takesHeapSnapshot=true, pageLoadStrategy=normal, databaseEnabled=false, handlesAlerts=true, hasTouchScreen=false, version=62.0.3202.75, platform=XP, browserConnectionEnabled=false, nativeEvents=true, acceptSslCerts=true, locationContextEnabled=true, webStorageEnabled=true, browserName=chrome, takesScreenshot=true, javascriptEnabled=true, cssSelectorsEnabled=true, setWindowRect=true, unexpectedAlertBehaviour=}]
Session ID: 0d4f85be72567332748b028d94eb838d)]]></system-out>
      <system-err><![CDATA[2017-11-06 13:15:07 - [TEST_SUITE][FAILED] - BEP: Test Cases/BEP/TC_All_Recall FAILED because (of) Unable to upload file 'C:\EStimate.xlsm' to object 'Object Repository/input_PpyWorkPageppyFilePath' (Root cause: org.openqa.selenium.WebDriverException: invalid argument: File not found : C:\EStimate.xlsm
  (Session info: chrome=62.0.3202.75)
  (Driver info: chromedriver=2.33.506120 (e3e53437346286c0bc2d2dc9aa4915ba81d9023f),platform=Windows NT 10.0.15063 x86_64) (WARNING: The server did not provide any stacktrace information)
Command duration or timeout: 25 milliseconds
Build info: version: '2.53.0', revision: '35ae25b', time: '2016-03-15 17:00:58'
System info: host: 'L23967WIN', ip: '10.150.105.6', os.name: 'Windows 10', os.arch: 'amd64', os.version: '10.0', java.version: '1.8.0_102'
Driver info: com.kms.katalon.selenium.driver.CChromeDriver
Capabilities [{applicationCacheEnabled=false, rotatable=false, mobileEmulationEnabled=false, networkConnectionEnabled=false, chrome={chromedriverVersion=2.33.506120 (e3e53437346286c0bc2d2dc9aa4915ba81d9023f), userDataDir=C:\Users\ranjs1\AppData\Local\Temp\scoped_dir18324_18396}, takesHeapSnapshot=true, pageLoadStrategy=normal, databaseEnabled=false, handlesAlerts=true, hasTouchScreen=false, version=62.0.3202.75, platform=XP, browserConnectionEnabled=false, nativeEvents=true, acceptSslCerts=true, locationContextEnabled=true, webStorageEnabled=true, browserName=chrome, takesScreenshot=true, javascriptEnabled=true, cssSelectorsEnabled=true, setWindowRect=true, unexpectedAlertBehaviour=}]
Session ID: 0d4f85be72567332748b028d94eb838d)]]></system-err>
   </testsuite>
</testsuites>
